U work/.cvsignore
U work/adjoint/README
U work/adjoint/adjoint_sed.com
U work/adjoint/makefile
U work/bin/.cvsignore
U work/diags/README
U work/diags/inc/AVER.h
U work/diags/src/do_time_averages.F
U work/diags/src/timeaver_1fld_xyz.F
U work/diags/src/timeaver_2fld_xyz.F
U work/diags/src/timeaver_final_xy.F
U work/diags/src/timeaver_final_xyz.F
U work/diags/src/timeaver_ini_xy.F
U work/diags/src/timeaver_ini_xyz.F
U work/diags/src/write_time_averages.F
U work/doc/ChangeLog.pre38
U work/doc/OpenBound.html
U work/doc/OpenBound.txt
U work/doc/OutputFiles
U work/doc/README
U work/doc/atmos-merge-notes
U work/doc/notes
U work/doc/notes_c37_adj.txt
U work/doc/tag-index
U work/eesupp/inc/BAR2.h
U work/eesupp/inc/BARRIER.h
U work/eesupp/inc/CPP_EEMACROS.h
U work/eesupp/inc/CPP_EEOPTIONS.h
U work/eesupp/inc/DFILE.h
U work/eesupp/inc/EEIO.h
U work/eesupp/inc/EEPARAMS.h
U work/eesupp/inc/EESUPPORT.h
U work/eesupp/inc/EXCH.h
U work/eesupp/inc/EXCH_JAM.h
U work/eesupp/inc/GLOBAL_MAX.h
U work/eesupp/inc/GLOBAL_SUM.h
U work/eesupp/inc/JAM_INFO.h
U work/eesupp/inc/MAIN_PDIRECTIVES1.h
U work/eesupp/inc/MAIN_PDIRECTIVES2.h
U work/eesupp/inc/MPI_INFO.h
U work/eesupp/src/.cvsignore
U work/eesupp/src/Makefile
U work/eesupp/src/bar2.F
U work/eesupp/src/barrier.F
U work/eesupp/src/check_threads.F
U work/eesupp/src/comm_stats.F
U work/eesupp/src/dfile.F
U work/eesupp/src/different_multiple.F
U work/eesupp/src/eeboot.F
U work/eesupp/src/eeboot_minimal.F
U work/eesupp/src/eedata_example.F
U work/eesupp/src/eedie.F
U work/eesupp/src/eeintro_msg.F
U work/eesupp/src/eeset_parms.F
U work/eesupp/src/eewrite_eeenv.F
U work/eesupp/src/exch_cycle_ebl.F
U work/eesupp/src/exch_init.F
U work/eesupp/src/exch_jam.F
U work/eesupp/src/exch_rx.template
U work/eesupp/src/exch_rx_cube.template
U work/eesupp/src/exch_rx_recv_get_x.template
U work/eesupp/src/exch_rx_recv_get_y.template
U work/eesupp/src/exch_rx_send_put_x.template
U work/eesupp/src/exch_rx_send_put_y.template
U work/eesupp/src/exch_uv_rx_cube.template
U work/eesupp/src/exch_uv_xy_rx.template
U work/eesupp/src/exch_uv_xyz_rx.template
U work/eesupp/src/exch_xy_rx.template
U work/eesupp/src/exch_xyz_rx.template
U work/eesupp/src/exch_z_rx_cube.template
U work/eesupp/src/exch_z_xy_rx.template
U work/eesupp/src/exch_z_xyz_rx.template
U work/eesupp/src/fool_the_compiler.F
U work/eesupp/src/global_max.F
U work/eesupp/src/global_sum.F
U work/eesupp/src/gsum.F
U work/eesupp/src/gsum_jam.F
U work/eesupp/src/ini_communication_patterns.F
U work/eesupp/src/ini_jam.F
U work/eesupp/src/ini_procs.F
U work/eesupp/src/ini_threading_environment.F
U work/eesupp/src/main.F
U work/eesupp/src/mdsio.F
U work/eesupp/src/mdsio_gl.F
U work/eesupp/src/mdsio_slice.F
U work/eesupp/src/memsync.F
U work/eesupp/src/nml_filter.F
U work/eesupp/src/print.F
U work/eesupp/src/tim.c
U work/eesupp/src/timer_stats.c
U work/eesupp/src/timers.F
U work/eesupp/src/utils.F
U work/model/inc/CG2D.h
U work/model/inc/CG2D_INTERNAL.h
U work/model/inc/CG3D.h
U work/model/inc/CPP_OPTIONS.h
U work/model/inc/DXC_MACROS.h
U work/model/inc/DXF_MACROS.h
U work/model/inc/DXG_MACROS.h
U work/model/inc/DXV_MACROS.h
U work/model/inc/DYC_MACROS.h
U work/model/inc/DYF_MACROS.h
U work/model/inc/DYG_MACROS.h
U work/model/inc/DYNVARS.h
U work/model/inc/DYU_MACROS.h
U work/model/inc/FCORI_MACROS.h
U work/model/inc/FFIELDS.h
U work/model/inc/GRID.h
U work/model/inc/GRID_MACROS.h
U work/model/inc/GW.h
U work/model/inc/HFACC_MACROS.h
U work/model/inc/HFACS_MACROS.h
U work/model/inc/HFACW_MACROS.h
U work/model/inc/INI_DEPTHS.h
U work/model/inc/MASKS_MACROS.h
U work/model/inc/MASKW_MACROS.h
U work/model/inc/PARAMS.h
U work/model/inc/PARAMS_MACROS.h
U work/model/inc/RAS_MACROS.h
U work/model/inc/RAW_MACROS.h
U work/model/inc/RA_MACROS.h
U work/model/inc/RECIP_DXC_MACROS.h
U work/model/inc/RECIP_DXF_MACROS.h
U work/model/inc/RECIP_DXG_MACROS.h
U work/model/inc/RECIP_DXV_MACROS.h
U work/model/inc/RECIP_DYC_MACROS.h
U work/model/inc/RECIP_DYF_MACROS.h
U work/model/inc/RECIP_DYG_MACROS.h
U work/model/inc/RECIP_DYU_MACROS.h
U work/model/inc/RECIP_HFACC_MACROS.h
U work/model/inc/RECIP_HFACS_MACROS.h
U work/model/inc/RECIP_HFACW_MACROS.h
U work/model/inc/SIZE.h
U work/model/inc/SOLVE_FOR_PRESSURE.h
U work/model/inc/SOLVE_FOR_PRESSURE3D.h
U work/model/inc/SURFACE.h
U work/model/inc/TANPHIATU_MACROS.h
U work/model/inc/TANPHIATV_MACROS.h
U work/model/inc/THE_MODEL_COMMON_BLOCKS.h
U work/model/inc/TR1.h
U work/model/inc/XC_MACROS.h
U work/model/inc/YC_MACROS.h
U work/model/src/adams_bashforth2.F
U work/model/src/calc_buoyancy.F
U work/model/src/calc_common_factors.F
U work/model/src/calc_diffusivity.F
U work/model/src/calc_div_ghat.F
U work/model/src/calc_exact_eta.F
U work/model/src/calc_grad_phi_surf.F
U work/model/src/calc_gs.F
U work/model/src/calc_gt.F
U work/model/src/calc_gtr1.F
U work/model/src/calc_gw.F
U work/model/src/calc_ivdc.F
U work/model/src/calc_phi_hyd.F
U work/model/src/calc_surf_dr.F
U work/model/src/calc_viscosity.F
U work/model/src/cg2d.F
U work/model/src/cg3d.F
U work/model/src/checkpoint.F
U work/model/src/config_check.F
U work/model/src/config_summary.F
U work/model/src/convect.F
U work/model/src/convective_adjustment.F
U work/model/src/convective_adjustment_ini.F
U work/model/src/correction_step.F
U work/model/src/cycle_tracer.F
U work/model/src/do_fields_blocking_exchanges.F
U work/model/src/do_gterm_blocking_exchanges.F
U work/model/src/do_the_model_io.F
U work/model/src/dynamics.F
U work/model/src/external_fields_load.F
U work/model/src/external_forcing.F
U work/model/src/external_forcing_surf.F
U work/model/src/find_alpha.F
U work/model/src/find_rho.F
U work/model/src/forward_step.F
U work/model/src/freesurf_rescale_g.F
U work/model/src/freeze.F
U work/model/src/grad_sigma.F
U work/model/src/impldiff.F
U work/model/src/ini_cartesian_grid.F
U work/model/src/ini_cg2d.F
U work/model/src/ini_cg3d.F
U work/model/src/ini_cori.F
U work/model/src/ini_curvilinear_grid.F
U work/model/src/ini_depths.F
U work/model/src/ini_dynvars.F
U work/model/src/ini_fields.F
U work/model/src/ini_forcing.F
U work/model/src/ini_grid.F
U work/model/src/ini_gw.F
U work/model/src/ini_linear_phisurf.F
U work/model/src/ini_masks_etc.F
U work/model/src/ini_mixing.F
U work/model/src/ini_p_ground.F
U work/model/src/ini_parms.F
U work/model/src/ini_pnh.F
U work/model/src/ini_psurf.F
U work/model/src/ini_salt.F
U work/model/src/ini_spherical_polar_grid.F
U work/model/src/ini_theta.F
U work/model/src/ini_tr1.F
U work/model/src/ini_vel.F
U work/model/src/ini_vertical_grid.F
U work/model/src/initialise_fixed.F
U work/model/src/initialise_varia.F
U work/model/src/integrate_for_w.F
U work/model/src/modeldata_example.F
U work/model/src/open_copy_data_file.F
U work/model/src/packages_boot.F
U work/model/src/packages_check.F
U work/model/src/packages_check_error.F
U work/model/src/packages_init_fixed.F
U work/model/src/packages_init_variables.F
U work/model/src/packages_readparms.F
U work/model/src/plot_field.F
U work/model/src/port_rand.F
U work/model/src/read_write.F
U work/model/src/read_write_rec.F
U work/model/src/set_defaults.F
U work/model/src/solve_for_pressure.F
U work/model/src/state_summary.F
U work/model/src/swfrac.F
U work/model/src/the_correction_step.F
U work/model/src/the_main_loop.F
U work/model/src/the_model_main.F
U work/model/src/thermodynamics.F
U work/model/src/timestep.F
U work/model/src/timestep_tracer.F
U work/model/src/update_cg2d.F
U work/model/src/update_surf_dr.F
U work/model/src/write_state.F
U work/pkg/aim/AIM2DYN.h
U work/pkg/aim/AIM_DIAGS.h
U work/pkg/aim/AIM_FFIELDS.h
U work/pkg/aim/AIM_OPTIONS.h
U work/pkg/aim/Lev_def.h
U work/pkg/aim/README
U work/pkg/aim/aim_aim2dyn.F
U work/pkg/aim/aim_aim2dyn_exchanges.F
U work/pkg/aim/aim_calc_diags.F
U work/pkg/aim/aim_do_atmos_physics.F
U work/pkg/aim/aim_do_inphys.F
U work/pkg/aim/aim_dyn2aim.F
U work/pkg/aim/aim_external_fields_load.F
U work/pkg/aim/aim_external_forcing.F
U work/pkg/aim/aim_write_diags.F
U work/pkg/aim/atparam.h
U work/pkg/aim/atparam0.h
U work/pkg/aim/atparam1.h
U work/pkg/aim/com_cnvcon.h
U work/pkg/aim/com_forcing1.h
U work/pkg/aim/com_forcon.h
U work/pkg/aim/com_lsccon.h
U work/pkg/aim/com_physcon.h
U work/pkg/aim/com_physvar.h
U work/pkg/aim/com_radcon.h
U work/pkg/aim/com_sflcon.h
U work/pkg/aim/com_vdicon.h
U work/pkg/aim/ini_inphys.F
U work/pkg/aim/phy_convmf.F
U work/pkg/aim/phy_driver.F
U work/pkg/aim/phy_lscond.F
U work/pkg/aim/phy_radiat.F
U work/pkg/aim/phy_shtorh.F
U work/pkg/aim/phy_suflux.F
U work/pkg/aim/phy_vdifsc.F
U work/pkg/autodiff/AUTODIFF_CPPOPTIONS.h
U work/pkg/autodiff/README
U work/pkg/autodiff/active_file.F
U work/pkg/autodiff/active_file.flow
U work/pkg/autodiff/active_file_ad.F
U work/pkg/autodiff/active_file_control.F
U work/pkg/autodiff/active_file_control.flow
U work/pkg/autodiff/active_file_control_slice.F
U work/pkg/autodiff/active_file_control_slice.flow
U work/pkg/autodiff/adcommon.h
U work/pkg/autodiff/addummy_in_stepping.F
U work/pkg/autodiff/adecco_check_exp.F
U work/pkg/autodiff/adjoint_ecco
U work/pkg/autodiff/adjoint_model.F
U work/pkg/autodiff/adjoint_model.F_old
U work/pkg/autodiff/adjoint_model.F_template
U work/pkg/autodiff/adopen_adclose.F
U work/pkg/autodiff/adread_adwrite.F
U work/pkg/autodiff/cg2d.flow
U work/pkg/autodiff/cg2d_ad.flow
U work/pkg/autodiff/checkpoint.flow
U work/pkg/autodiff/checkpoint_lev1_directives.h
U work/pkg/autodiff/checkpoint_lev2_directives.h
U work/pkg/autodiff/checkpoint_lev3_directives.h
U work/pkg/autodiff/data.autodiff
U work/pkg/autodiff/debug.flow
U work/pkg/autodiff/diags.flow
U work/pkg/autodiff/do_the_model_io.flow
U work/pkg/autodiff/dummy_in_stepping.F
U work/pkg/autodiff/dummy_in_stepping.flow
U work/pkg/autodiff/ecco_check_exp.flow
U work/pkg/autodiff/eesupp.flow
U work/pkg/autodiff/exch_ad.F
U work/pkg/autodiff/exch_ad.flow
U work/pkg/autodiff/exch_uv_ad.F
U work/pkg/autodiff/exch_uv_ad.flow
U work/pkg/autodiff/exch_z_ad.F
U work/pkg/autodiff/exch_z_ad.flow
U work/pkg/autodiff/external_fields_load.flow
U work/pkg/autodiff/g_common.h
U work/pkg/autodiff/g_dummy_in_stepping.F
U work/pkg/autodiff/global_max_ad.F
U work/pkg/autodiff/global_max_ad.flow
U work/pkg/autodiff/global_sum_ad.F
U work/pkg/autodiff/global_sum_ad.flow
U work/pkg/autodiff/gmredi.flow
U work/pkg/autodiff/ini_autodiff.F
U work/pkg/autodiff/initialisation.flow
U work/pkg/autodiff/mdsio.flow
U work/pkg/autodiff/monitor.flow
U work/pkg/autodiff/obcs.flow
U work/pkg/autodiff/open_copy_data_file.flow
U work/pkg/autodiff/print_message.flow
U work/pkg/autodiff/read_write.flow
U work/pkg/autodiff/read_write_fld.flow
U work/pkg/autodiff/read_write_rec.flow
U work/pkg/autodiff/tamc.h
U work/pkg/autodiff/tamc_keys.h
U work/pkg/autodiff/tangentlinear_model.F
U work/pkg/autodiff/tangentlinear_model.F_template
U work/pkg/autodiff/timeave.flow
U work/pkg/autodiff/write_state.flow
U work/pkg/cal/CAL_CPPOPTIONS.h
U work/pkg/cal/README
U work/pkg/cal/cal.h
U work/pkg/cal/cal_addtime.F
U work/pkg/cal/cal_checkdate.F
U work/pkg/cal/cal_compdates.F
U work/pkg/cal/cal_convdate.F
U work/pkg/cal/cal_copydate.F
U work/pkg/cal/cal_daysformonth.F
U work/pkg/cal/cal_dayspermonth.F
U work/pkg/cal/cal_fulldate.F
U work/pkg/cal/cal_getdate.F
U work/pkg/cal/cal_getmonthsrec.F
U work/pkg/cal/cal_intdays.F
U work/pkg/cal/cal_intmonths.F
U work/pkg/cal/cal_intsteps.F
U work/pkg/cal/cal_intyears.F
U work/pkg/cal/cal_isleap.F
U work/pkg/cal/cal_monthsforyear.F
U work/pkg/cal/cal_monthsperyear.F
U work/pkg/cal/cal_nstepday.F
U work/pkg/cal/cal_numints.F
U work/pkg/cal/cal_printdate.F
U work/pkg/cal/cal_printerror.F
U work/pkg/cal/cal_readparms.F
U work/pkg/cal/cal_set.F
U work/pkg/cal/cal_stepsforday.F
U work/pkg/cal/cal_stepsperday.F
U work/pkg/cal/cal_subdates.F
U work/pkg/cal/cal_summary.F
U work/pkg/cal/cal_timeinterval.F
U work/pkg/cal/cal_timepassed.F
U work/pkg/cal/cal_timestamp.F
U work/pkg/cal/cal_toseconds.F
U work/pkg/cal/cal_weekday.F
U work/pkg/cal/data.cal
U work/pkg/cost/COST_CPPOPTIONS.h
U work/pkg/cost/README
U work/pkg/cost/adcost.h
U work/pkg/cost/cost.h
U work/pkg/cost/cost_atlantic_heat.F
U work/pkg/cost/cost_dependent_init.F
U work/pkg/cost/cost_final.F
U work/pkg/cost/cost_init.F
U work/pkg/cost/cost_readparms.F
U work/pkg/cost/cost_summary.F
U work/pkg/cost/cost_test.F
U work/pkg/cost/cost_tile.F
U work/pkg/cost/cost_tracer.F
U work/pkg/cost/cost_vector.F
U work/pkg/cost/data.cost
U work/pkg/ctrl/CTRL_CPPOPTIONS.h
U work/pkg/ctrl/README
U work/pkg/ctrl/ctrl.h
U work/pkg/ctrl/ctrl_dummy.h
U work/pkg/ctrl/ctrl_init.F
U work/pkg/ctrl/ctrl_map_forcing.F
U work/pkg/ctrl/ctrl_map_ini.F
U work/pkg/ctrl/ctrl_mask_set_xz.F
U work/pkg/ctrl/ctrl_mask_set_yz.F
U work/pkg/ctrl/ctrl_pack.F
U work/pkg/ctrl/ctrl_set_fname.F
U work/pkg/ctrl/ctrl_set_globfld_xy.F
U work/pkg/ctrl/ctrl_set_globfld_xyz.F
U work/pkg/ctrl/ctrl_set_globfld_xz.F
U work/pkg/ctrl/ctrl_set_globfld_yz.F
U work/pkg/ctrl/ctrl_set_pack_xy.F
U work/pkg/ctrl/ctrl_set_pack_xyz.F
U work/pkg/ctrl/ctrl_set_pack_xz.F
U work/pkg/ctrl/ctrl_set_pack_yz.F
U work/pkg/ctrl/ctrl_set_unpack_xy.F
U work/pkg/ctrl/ctrl_set_unpack_xyz.F
U work/pkg/ctrl/ctrl_set_unpack_xz.F
U work/pkg/ctrl/ctrl_set_unpack_yz.F
U work/pkg/ctrl/ctrl_unpack.F
U work/pkg/ctrl/data.ctrl
U work/pkg/ctrl/optim.h
U work/pkg/ctrl/optim_readparms.F
U work/pkg/debug/chksum_tiled.F
U work/pkg/debug/debug_fld_stats_rl.F
U work/pkg/debug/debug_fld_stats_rs.F
U work/pkg/debug/debug_stats_rl.F
U work/pkg/debug/debug_stats_rs.F
U work/pkg/ecco/ECCO_CPPOPTIONS.h
U work/pkg/ecco/README
U work/pkg/ecco/data.ecco
U work/pkg/ecco/ecco.h
U work/pkg/ecco/ecco_check_exp.F
U work/pkg/ecco/ecco_init.F
U work/pkg/ecco/ecco_readparms.F
U work/pkg/exf/EXF_CPPOPTIONS.h
U work/pkg/exf/README
U work/pkg/exf/TODO.txt
U work/pkg/exf/data.exf
U work/pkg/exf/data.exf_clim
U work/pkg/exf/data.exfa
U work/pkg/exf/exf.h
U work/pkg/exf/exf_bulkcdn.F
U work/pkg/exf/exf_bulkqsat.F
U work/pkg/exf/exf_bulkrhn.F
U work/pkg/exf/exf_clim_fields.h
U work/pkg/exf/exf_clim_init.F
U work/pkg/exf/exf_clim_param.h
U work/pkg/exf/exf_clim_readparms.F
U work/pkg/exf/exf_clim_summary.F
U work/pkg/exf/exf_constants.h
U work/pkg/exf/exf_fields.h
U work/pkg/exf/exf_filter_rl.F
U work/pkg/exf/exf_filter_rs.F
U work/pkg/exf/exf_getclim.F
U work/pkg/exf/exf_getffieldrec.F
U work/pkg/exf/exf_getffields.F
U work/pkg/exf/exf_getforcing.F
U work/pkg/exf/exf_getobcs.F
U work/pkg/exf/exf_getsurfacefluxes.F
U work/pkg/exf/exf_init.F
U work/pkg/exf/exf_mapfields.F
U work/pkg/exf/exf_param.h
U work/pkg/exf/exf_readparms.F
U work/pkg/exf/exf_set_aqh.F
U work/pkg/exf/exf_set_atemp.F
U work/pkg/exf/exf_set_climsalt.F
U work/pkg/exf/exf_set_climsss.F
U work/pkg/exf/exf_set_climsst.F
U work/pkg/exf/exf_set_climtemp.F
U work/pkg/exf/exf_set_hflux.F
U work/pkg/exf/exf_set_hfluxa.F
U work/pkg/exf/exf_set_lwflux.F
U work/pkg/exf/exf_set_obcs.F
U work/pkg/exf/exf_set_precip.F
U work/pkg/exf/exf_set_sflux.F
U work/pkg/exf/exf_set_sfluxa.F
U work/pkg/exf/exf_set_swflux.F
U work/pkg/exf/exf_set_ustress.F
U work/pkg/exf/exf_set_ustressa.F
U work/pkg/exf/exf_set_uwind.F
U work/pkg/exf/exf_set_vstress.F
U work/pkg/exf/exf_set_vstressa.F
U work/pkg/exf/exf_set_vwind.F
U work/pkg/exf/exf_summary.F
U work/pkg/exf/exf_swapffields.F
U work/pkg/exf/exfa.h
U work/pkg/exf/exfa_fields.h
U work/pkg/exf/exfa_getffields.F
U work/pkg/exf/exfa_getforcing.F
U work/pkg/exf/exfa_init.F
U work/pkg/exf/exfa_mapfields.F
U work/pkg/exf/exfa_param.h
U work/pkg/exf/exfa_readparms.F
U work/pkg/exf/exfa_summary.F
U work/pkg/flt/FLT.h
U work/pkg/flt/FLT_CPPOPTIONS.h
U work/pkg/flt/README.flt
U work/pkg/flt/data.flt
U work/pkg/flt/exch_recv_get_vec.F
U work/pkg/flt/exch_send_put_vec.F
U work/pkg/flt/flt_bilinear.F
U work/pkg/flt/flt_down.F
U work/pkg/flt/flt_exchg.F
U work/pkg/flt/flt_functions.F
U work/pkg/flt/flt_init.F
U work/pkg/flt/flt_main.F
U work/pkg/flt/flt_mdsreadvector.F
U work/pkg/flt/flt_restart.F
U work/pkg/flt/flt_runga2.F
U work/pkg/flt/flt_traj.F
U work/pkg/flt/flt_up.F
U work/pkg/generic_advdiff/GAD.h
U work/pkg/generic_advdiff/GAD_FLUX_LIMITER.h
U work/pkg/generic_advdiff/GAD_OPTIONS.h
U work/pkg/generic_advdiff/gad_advection.F
U work/pkg/generic_advdiff/gad_biharm_x.F
U work/pkg/generic_advdiff/gad_biharm_y.F
U work/pkg/generic_advdiff/gad_c2_adv_r.F
U work/pkg/generic_advdiff/gad_c2_adv_x.F
U work/pkg/generic_advdiff/gad_c2_adv_y.F
U work/pkg/generic_advdiff/gad_c4_adv_r.F
U work/pkg/generic_advdiff/gad_c4_adv_x.F
U work/pkg/generic_advdiff/gad_c4_adv_y.F
U work/pkg/generic_advdiff/gad_calc_rhs.F
U work/pkg/generic_advdiff/gad_del2.F
U work/pkg/generic_advdiff/gad_diff_r.F
U work/pkg/generic_advdiff/gad_diff_x.F
U work/pkg/generic_advdiff/gad_diff_y.F
U work/pkg/generic_advdiff/gad_dst3_adv_r.F
U work/pkg/generic_advdiff/gad_dst3_adv_x.F
U work/pkg/generic_advdiff/gad_dst3_adv_y.F
U work/pkg/generic_advdiff/gad_dst3fl_adv_r.F
U work/pkg/generic_advdiff/gad_dst3fl_adv_x.F
U work/pkg/generic_advdiff/gad_dst3fl_adv_y.F
U work/pkg/generic_advdiff/gad_fluxlimit_adv_r.F
U work/pkg/generic_advdiff/gad_fluxlimit_adv_x.F
U work/pkg/generic_advdiff/gad_fluxlimit_adv_y.F
U work/pkg/generic_advdiff/gad_grad_x.F
U work/pkg/generic_advdiff/gad_grad_y.F
U work/pkg/generic_advdiff/gad_u3_adv_r.F
U work/pkg/generic_advdiff/gad_u3_adv_x.F
U work/pkg/generic_advdiff/gad_u3_adv_y.F
U work/pkg/gmredi/GMREDI.h
U work/pkg/gmredi/GMREDI_DIAGS.h
U work/pkg/gmredi/GMREDI_OPTIONS.h
U work/pkg/gmredi/README_ADJOINT
U work/pkg/gmredi/gmredi_calc_diff.F
U work/pkg/gmredi/gmredi_calc_psi_b.F
U work/pkg/gmredi/gmredi_calc_tensor.F
U work/pkg/gmredi/gmredi_check.F
U work/pkg/gmredi/gmredi_diags.F
U work/pkg/gmredi/gmredi_init.F
U work/pkg/gmredi/gmredi_readparms.F
U work/pkg/gmredi/gmredi_rtransport.F
U work/pkg/gmredi/gmredi_slope_limit.F
U work/pkg/gmredi/gmredi_slope_psi.F
U work/pkg/gmredi/gmredi_xtransport.F
U work/pkg/gmredi/gmredi_ytransport.F
U work/pkg/grdchk/README
U work/pkg/grdchk/grdchk.h
U work/pkg/grdchk/grdchk_getadxx.F
U work/pkg/grdchk/grdchk_getxx.F
U work/pkg/grdchk/grdchk_init.F
U work/pkg/grdchk/grdchk_loc.F
U work/pkg/grdchk/grdchk_main.F
U work/pkg/grdchk/grdchk_print.F
U work/pkg/grdchk/grdchk_readparms.F
U work/pkg/grdchk/grdchk_setxx.F
U work/pkg/grdchk/grdchk_summary.F
U work/pkg/kpp/KPP.h
U work/pkg/kpp/KPP_DIAGS.h
U work/pkg/kpp/KPP_OPTIONS.h
U work/pkg/kpp/KPP_PARAMS.h
U work/pkg/kpp/kpp_calc.F
U work/pkg/kpp/kpp_calc_diff.F
U work/pkg/kpp/kpp_calc_visc.F
U work/pkg/kpp/kpp_check.F
U work/pkg/kpp/kpp_do_diags.F
U work/pkg/kpp/kpp_init.F
U work/pkg/kpp/kpp_open_diags.F
U work/pkg/kpp/kpp_readparms.F
U work/pkg/kpp/kpp_routines.F
U work/pkg/kpp/kpp_transport_s.F
U work/pkg/kpp/kpp_transport_t.F
U work/pkg/mdsio/MDSIO_OPTIONS.h
U work/pkg/mdsio/mdsio.F
U work/pkg/mdsio/mdsio_byteswapr4.F
U work/pkg/mdsio/mdsio_byteswapr8.F
U work/pkg/mdsio/mdsio_findunit.F
U work/pkg/mdsio/mdsio_gl.F
U work/pkg/mdsio/mdsio_gl_slice.F
U work/pkg/mdsio/mdsio_read_rl_vec.F
U work/pkg/mdsio/mdsio_read_rs_vec.F
U work/pkg/mdsio/mdsio_readfield.F
U work/pkg/mdsio/mdsio_readtile.F
U work/pkg/mdsio/mdsio_readvector.F
U work/pkg/mdsio/mdsio_reclen.F
U work/pkg/mdsio/mdsio_seg4torl.F
U work/pkg/mdsio/mdsio_seg4tors.F
U work/pkg/mdsio/mdsio_seg8torl.F
U work/pkg/mdsio/mdsio_seg8tors.F
U work/pkg/mdsio/mdsio_slice.F
U work/pkg/mdsio/mdsio_write_rl_vec.F
U work/pkg/mdsio/mdsio_write_rs_vec.F
U work/pkg/mdsio/mdsio_writefield.F
U work/pkg/mdsio/mdsio_writelocal.F
U work/pkg/mdsio/mdsio_writemeta.F
U work/pkg/mdsio/mdsio_writetile.F
U work/pkg/mdsio/mdsio_writevector.F
U work/pkg/mom_fluxform/mom_calc_hfacz.F
U work/pkg/mom_fluxform/mom_calc_ke.F
U work/pkg/mom_fluxform/mom_cdscheme.F
U work/pkg/mom_fluxform/mom_fluxform.F
U work/pkg/mom_fluxform/mom_u_adv_uu.F
U work/pkg/mom_fluxform/mom_u_adv_vu.F
U work/pkg/mom_fluxform/mom_u_adv_wu.F
U work/pkg/mom_fluxform/mom_u_bottomdrag.F
U work/pkg/mom_fluxform/mom_u_coriolis.F
U work/pkg/mom_fluxform/mom_u_del2u.F
U work/pkg/mom_fluxform/mom_u_metric_nh.F
U work/pkg/mom_fluxform/mom_u_metric_sphere.F
U work/pkg/mom_fluxform/mom_u_rviscflux.F
U work/pkg/mom_fluxform/mom_u_sidedrag.F
U work/pkg/mom_fluxform/mom_u_xviscflux.F
U work/pkg/mom_fluxform/mom_u_yviscflux.F
U work/pkg/mom_fluxform/mom_v_adv_uv.F
U work/pkg/mom_fluxform/mom_v_adv_vv.F
U work/pkg/mom_fluxform/mom_v_adv_wv.F
U work/pkg/mom_fluxform/mom_v_bottomdrag.F
U work/pkg/mom_fluxform/mom_v_coriolis.F
U work/pkg/mom_fluxform/mom_v_del2v.F
U work/pkg/mom_fluxform/mom_v_metric_nh.F
U work/pkg/mom_fluxform/mom_v_metric_sphere.F
U work/pkg/mom_fluxform/mom_v_rviscflux.F
U work/pkg/mom_fluxform/mom_v_sidedrag.F
U work/pkg/mom_fluxform/mom_v_xviscflux.F
U work/pkg/mom_fluxform/mom_v_yviscflux.F
U work/pkg/mom_vecinv/mom_calc_hfacz.F
U work/pkg/mom_vecinv/mom_calc_strain.F
U work/pkg/mom_vecinv/mom_calc_tension.F
U work/pkg/mom_vecinv/mom_hdissip.F
U work/pkg/mom_vecinv/mom_u_bottomdrag.F
U work/pkg/mom_vecinv/mom_u_rviscflux.F
U work/pkg/mom_vecinv/mom_u_sidedrag.F
U work/pkg/mom_vecinv/mom_v_bottomdrag.F
U work/pkg/mom_vecinv/mom_v_rviscflux.F
U work/pkg/mom_vecinv/mom_v_sidedrag.F
U work/pkg/mom_vecinv/mom_vecinv.F
U work/pkg/mom_vecinv/mom_vi_calc_absvort3.F
U work/pkg/mom_vecinv/mom_vi_calc_hdiv.F
U work/pkg/mom_vecinv/mom_vi_calc_ke.F
U work/pkg/mom_vecinv/mom_vi_calc_relvort3.F
U work/pkg/mom_vecinv/mom_vi_coriolis.F
U work/pkg/mom_vecinv/mom_vi_del2uv.F
U work/pkg/mom_vecinv/mom_vi_hdissip.F
U work/pkg/mom_vecinv/mom_vi_u_coriolis.F
U work/pkg/mom_vecinv/mom_vi_u_coriolis_c4.F
U work/pkg/mom_vecinv/mom_vi_u_grad_ke.F
U work/pkg/mom_vecinv/mom_vi_u_vertshear.F
U work/pkg/mom_vecinv/mom_vi_u_xviscflux.F
U work/pkg/mom_vecinv/mom_vi_u_yviscflux.F
U work/pkg/mom_vecinv/mom_vi_v_coriolis.F
U work/pkg/mom_vecinv/mom_vi_v_coriolis_c4.F
U work/pkg/mom_vecinv/mom_vi_v_grad_ke.F
U work/pkg/mom_vecinv/mom_vi_v_vertshear.F
U work/pkg/mom_vecinv/mom_vi_v_xviscflux.F
U work/pkg/mom_vecinv/mom_vi_v_yviscflux.F
U work/pkg/monitor/MONITOR.h
U work/pkg/monitor/mon_advcfl.F
U work/pkg/monitor/mon_advcflw.F
U work/pkg/monitor/mon_advcflw2.F
U work/pkg/monitor/mon_init.F
U work/pkg/monitor/mon_ke.F
U work/pkg/monitor/mon_out.F
U work/pkg/monitor/mon_printstats_rl.F
U work/pkg/monitor/mon_printstats_rs.F
U work/pkg/monitor/mon_set.F
U work/pkg/monitor/mon_stats_rl.F
U work/pkg/monitor/mon_stats_rs.F
U work/pkg/monitor/monitor.F
U work/pkg/obcs/OBCS.h
U work/pkg/obcs/OBCS_OPTIONS.h
U work/pkg/obcs/ORLANSKI.h
U work/pkg/obcs/README
U work/pkg/obcs/obcs_apply_eta.F
U work/pkg/obcs/obcs_apply_sloc.F
U work/pkg/obcs/obcs_apply_surf_dr.F
U work/pkg/obcs/obcs_apply_tloc.F
U work/pkg/obcs/obcs_apply_ts.F
U work/pkg/obcs/obcs_apply_uv.F
U work/pkg/obcs/obcs_apply_w.F
U work/pkg/obcs/obcs_calc.F
U work/pkg/obcs/obcs_check.F
U work/pkg/obcs/obcs_checkpoint.F
U work/pkg/obcs/obcs_init_fixed.F
U work/pkg/obcs/obcs_init_variables.F
U work/pkg/obcs/obcs_readparms.F
U work/pkg/obcs/orlanski_checkpoint.F
U work/pkg/obcs/orlanski_east.F
U work/pkg/obcs/orlanski_init.F
U work/pkg/obcs/orlanski_north.F
U work/pkg/obcs/orlanski_south.F
U work/pkg/obcs/orlanski_west.F
U work/pkg/rw/read_fld_xy_rl.F
U work/pkg/rw/read_fld_xy_rs.F
U work/pkg/rw/read_fld_xyz_rl.F
U work/pkg/rw/read_fld_xyz_rs.F
U work/pkg/rw/set_write_global_fld.F
U work/pkg/rw/write_fld_xy_rl.F
U work/pkg/rw/write_fld_xy_rs.F
U work/pkg/rw/write_fld_xyz_rl.F
U work/pkg/rw/write_fld_xyz_rs.F
U work/pkg/rw/write_local_rl.F
U work/pkg/rw/write_local_rs.F
U work/pkg/shap_filt/SHAP_FILT.h
U work/pkg/shap_filt/SHAP_FILT_OPTIONS.h
U work/pkg/shap_filt/SHAP_FILT_TRACER.h
U work/pkg/shap_filt/SHAP_FILT_UV.h
U work/pkg/shap_filt/shap_filt_apply_ts.F
U work/pkg/shap_filt/shap_filt_apply_uv.F
U work/pkg/shap_filt/shap_filt_readparms.F
U work/pkg/shap_filt/shap_filt_tracer.F
U work/pkg/shap_filt/shap_filt_tracer_s1.F
U work/pkg/shap_filt/shap_filt_tracer_s2.F
U work/pkg/shap_filt/shap_filt_tracer_s2g.F
U work/pkg/shap_filt/shap_filt_tracer_s4.F
U work/pkg/shap_filt/shap_filt_tracerold.F
U work/pkg/shap_filt/shap_filt_u.F
U work/pkg/shap_filt/shap_filt_uv.F
U work/pkg/shap_filt/shap_filt_uv_s1.F
U work/pkg/shap_filt/shap_filt_uv_s2.F
U work/pkg/shap_filt/shap_filt_uv_s2g.F
U work/pkg/shap_filt/shap_filt_uv_s4.F
U work/pkg/shap_filt/shap_filt_v.F
U work/pkg/timeave/README
U work/pkg/timeave/TIMEAVE_STATV.h
U work/pkg/timeave/timeave_cumul_1k.F
U work/pkg/timeave/timeave_cumul_1t.F
U work/pkg/timeave/timeave_cumul_1vfc.F
U work/pkg/timeave/timeave_cumul_2v.F
U work/pkg/timeave/timeave_cumul_2vfc.F
U work/pkg/timeave/timeave_cumul_fc.F
U work/pkg/timeave/timeave_cumulate.F
U work/pkg/timeave/timeave_norma_1k.F
U work/pkg/timeave/timeave_normaliz.F
U work/pkg/timeave/timeave_reset.F
U work/pkg/timeave/timeave_reset_1k.F
U work/pkg/timeave/timeave_statv_write.F
U work/pkg/timeave/timeave_statvars.F
U work/pkg/zonal_filt/FFTPACK.h
U work/pkg/zonal_filt/ZONAL_FILT.h
U work/pkg/zonal_filt/ZONAL_FILT_OPTIONS.h
U work/pkg/zonal_filt/fftpack.F
U work/pkg/zonal_filt/zonal_filt_apply_ts.F
U work/pkg/zonal_filt/zonal_filt_apply_uv.F
U work/pkg/zonal_filt/zonal_filt_init.F
U work/pkg/zonal_filt/zonal_filt_nofill.F
U work/pkg/zonal_filt/zonal_filt_postsmooth.F
U work/pkg/zonal_filt/zonal_filt_presmooth.F
U work/pkg/zonal_filt/zonal_filt_readparms.F
U work/pkg/zonal_filt/zonal_filter.F
U work/tools/.cvsignore
U work/tools/as
U work/tools/genmake
U work/tools/icard
U work/tools/nc.sh
U work/tools/set64bitConst.sh
U work/tools/xmakedepend
U work/tutorial_examples/.cvsignore
U work/tutorial_examples/baroclinic_gyre_on_a_sphere/.cvsignore
U work/tutorial_examples/baroclinic_gyre_on_a_sphere/README
U work/tutorial_examples/baroclinic_gyre_on_a_sphere/code/.cvsignore
U work/tutorial_examples/baroclinic_gyre_on_a_sphere/code/CPP_EEOPTIONS.h
U work/tutorial_examples/baroclinic_gyre_on_a_sphere/code/CPP_OPTIONS.h
U work/tutorial_examples/baroclinic_gyre_on_a_sphere/code/SIZE.h
U work/tutorial_examples/baroclinic_gyre_on_a_sphere/input/.cvsignore
U work/tutorial_examples/baroclinic_gyre_on_a_sphere/input/data
U work/tutorial_examples/baroclinic_gyre_on_a_sphere/input/data.pkg
U work/tutorial_examples/baroclinic_gyre_on_a_sphere/input/eedata
U work/tutorial_examples/baroclinic_gyre_on_a_sphere/input/gendata.m
U work/tutorial_examples/baroclinic_gyre_on_a_sphere/input/topog.box
U work/tutorial_examples/baroclinic_gyre_on_a_sphere/input/windx.sin_y
U work/tutorial_examples/baroclinic_gyre_on_a_sphere/results/output.txt
U work/tutorial_examples/barotropic_gyre_in_a_box/.cvsignore
U work/tutorial_examples/barotropic_gyre_in_a_box/README
U work/tutorial_examples/barotropic_gyre_in_a_box/code/.cvsignore
U work/tutorial_examples/barotropic_gyre_in_a_box/code/CPP_EEOPTIONS.h
U work/tutorial_examples/barotropic_gyre_in_a_box/code/CPP_OPTIONS.h
U work/tutorial_examples/barotropic_gyre_in_a_box/code/SIZE.h
U work/tutorial_examples/barotropic_gyre_in_a_box/input/.cvsignore
U work/tutorial_examples/barotropic_gyre_in_a_box/input/data
U work/tutorial_examples/barotropic_gyre_in_a_box/input/data.pkg
U work/tutorial_examples/barotropic_gyre_in_a_box/input/eedata
U work/tutorial_examples/barotropic_gyre_in_a_box/input/gendata.m
U work/tutorial_examples/barotropic_gyre_in_a_box/input/topog.box
U work/tutorial_examples/barotropic_gyre_in_a_box/input/windx.sin_y
U work/tutorial_examples/global_ocean_circulation/.cvsignore
U work/tutorial_examples/global_ocean_circulation/code/.cvsignore
U work/tutorial_examples/global_ocean_circulation/code/CPP_EEOPTIONS.h
U work/tutorial_examples/global_ocean_circulation/code/CPP_OPTIONS.h
U work/tutorial_examples/global_ocean_circulation/code/GMREDI_OPTIONS.h
U work/tutorial_examples/global_ocean_circulation/code/SIZE.h
U work/tutorial_examples/global_ocean_circulation/input/.cvsignore
U work/tutorial_examples/global_ocean_circulation/input/POLY3.COEFFS
U work/tutorial_examples/global_ocean_circulation/input/bathy.bin
U work/tutorial_examples/global_ocean_circulation/input/data
U work/tutorial_examples/global_ocean_circulation/input/data.gmredi
U work/tutorial_examples/global_ocean_circulation/input/data.pkg
U work/tutorial_examples/global_ocean_circulation/input/eedata
U work/tutorial_examples/global_ocean_circulation/input/sal.bin
U work/tutorial_examples/global_ocean_circulation/input/sal_surf.bin
U work/tutorial_examples/global_ocean_circulation/input/shi_empr.bin
U work/tutorial_examples/global_ocean_circulation/input/shi_qnet.bin
U work/tutorial_examples/global_ocean_circulation/input/theta.bin
U work/tutorial_examples/global_ocean_circulation/input/theta_surf.bin
U work/tutorial_examples/global_ocean_circulation/input/tren_taux.bin
U work/tutorial_examples/global_ocean_circulation/input/tren_tauy.bin
U work/tutorial_examples/held_suarez_atmosphere/.cvsignore
U work/tutorial_examples/held_suarez_atmosphere/code/.cvsignore
U work/tutorial_examples/held_suarez_atmosphere/code/CPP_EEOPTIONS.h
U work/tutorial_examples/held_suarez_atmosphere/code/CPP_OPTIONS.h
U work/tutorial_examples/held_suarez_atmosphere/code/SIZE.h
U work/tutorial_examples/held_suarez_atmosphere/code/external_forcing.F
U work/tutorial_examples/held_suarez_atmosphere/code/ini_theta.F
U work/tutorial_examples/held_suarez_atmosphere/input/.cvsignore
U work/tutorial_examples/held_suarez_atmosphere/input/data
U work/tutorial_examples/held_suarez_atmosphere/input/data.pkg
U work/tutorial_examples/held_suarez_atmosphere/input/data.shap
U work/tutorial_examples/held_suarez_atmosphere/input/data.zonfilt
U work/tutorial_examples/held_suarez_atmosphere/input/eedata
U work/tutorial_examples/nonhydrostatic_deep_convection/.cvsignore
U work/tutorial_examples/nonhydrostatic_deep_convection/README
U work/tutorial_examples/nonhydrostatic_deep_convection/code/.cvsignore
U work/tutorial_examples/nonhydrostatic_deep_convection/code/CPP_EEOPTIONS.h
U work/tutorial_examples/nonhydrostatic_deep_convection/code/CPP_OPTIONS.h
U work/tutorial_examples/nonhydrostatic_deep_convection/code/SIZE.h
U work/tutorial_examples/nonhydrostatic_deep_convection/input/.cvsignore
U work/tutorial_examples/nonhydrostatic_deep_convection/input/Qsurface
U work/tutorial_examples/nonhydrostatic_deep_convection/input/data
U work/tutorial_examples/nonhydrostatic_deep_convection/input/data.pkg
U work/tutorial_examples/nonhydrostatic_deep_convection/input/eedata
U work/tutorial_examples/nonhydrostatic_deep_convection/input/gendata.m
U work/tutorial_examples/nonhydrostatic_deep_convection/results/output.txt
U work/tutorial_examples/nonhydrostatic_plume_on_slope/.cvsignore
U work/tutorial_examples/nonhydrostatic_plume_on_slope/code/.cvsignore
U work/tutorial_examples/nonhydrostatic_plume_on_slope/code/CPP_EEOPTIONS.h
U work/tutorial_examples/nonhydrostatic_plume_on_slope/code/CPP_OPTIONS.h
U work/tutorial_examples/nonhydrostatic_plume_on_slope/code/SIZE.h
U work/tutorial_examples/nonhydrostatic_plume_on_slope/input/.cvsignore
U work/tutorial_examples/nonhydrostatic_plume_on_slope/input/Qnet.forcing
U work/tutorial_examples/nonhydrostatic_plume_on_slope/input/T.init
U work/tutorial_examples/nonhydrostatic_plume_on_slope/input/data
U work/tutorial_examples/nonhydrostatic_plume_on_slope/input/data.obcs
U work/tutorial_examples/nonhydrostatic_plume_on_slope/input/data.pkg
U work/tutorial_examples/nonhydrostatic_plume_on_slope/input/dx.bin
U work/tutorial_examples/nonhydrostatic_plume_on_slope/input/eedata
U work/tutorial_examples/nonhydrostatic_plume_on_slope/input/gendata.m
U work/tutorial_examples/nonhydrostatic_plume_on_slope/input/topog.slope
U work/tutorial_examples/tracer_adjoint_sensitivity/.cvsignore
U work/tutorial_examples/tracer_adjoint_sensitivity/DESCRIPTION
U work/tutorial_examples/tracer_adjoint_sensitivity/README
U work/tutorial_examples/tracer_adjoint_sensitivity/code/.cvsignore
U work/tutorial_examples/tracer_adjoint_sensitivity/code/.genmakerc
U work/tutorial_examples/tracer_adjoint_sensitivity/code/COST_CPPOPTIONS.h
U work/tutorial_examples/tracer_adjoint_sensitivity/code/CPP_EEOPTIONS.h
U work/tutorial_examples/tracer_adjoint_sensitivity/code/CPP_OPTIONS.h
U work/tutorial_examples/tracer_adjoint_sensitivity/code/CTRL_CPPOPTIONS.h
U work/tutorial_examples/tracer_adjoint_sensitivity/code/ECCO_CPPOPTIONS.h
U work/tutorial_examples/tracer_adjoint_sensitivity/code/SIZE.h
U work/tutorial_examples/tracer_adjoint_sensitivity/code/adcommon.h
U work/tutorial_examples/tracer_adjoint_sensitivity/code/tamc.h
U work/tutorial_examples/tracer_adjoint_sensitivity/input/SSS.bin
U work/tutorial_examples/tracer_adjoint_sensitivity/input/SST.bin
U work/tutorial_examples/tracer_adjoint_sensitivity/input/data
U work/tutorial_examples/tracer_adjoint_sensitivity/input/data.cost
U work/tutorial_examples/tracer_adjoint_sensitivity/input/data.ctrl
U work/tutorial_examples/tracer_adjoint_sensitivity/input/data.gmredi
U work/tutorial_examples/tracer_adjoint_sensitivity/input/data.grdchk
U work/tutorial_examples/tracer_adjoint_sensitivity/input/data.optim
U work/tutorial_examples/tracer_adjoint_sensitivity/input/data.pkg
U work/tutorial_examples/tracer_adjoint_sensitivity/input/eedata
U work/tutorial_examples/tracer_adjoint_sensitivity/input/pickup.0000144000
U work/tutorial_examples/tracer_adjoint_sensitivity/input/pickup_cd.0000144000
U work/tutorial_examples/tracer_adjoint_sensitivity/input/salt.bin
U work/tutorial_examples/tracer_adjoint_sensitivity/input/theta.bin
U work/tutorial_examples/tracer_adjoint_sensitivity/input/topog.bin
U work/tutorial_examples/tracer_adjoint_sensitivity/input/windx.bin
U work/tutorial_examples/tracer_adjoint_sensitivity/input/windy.bin
U work/utils/knudsen2/.cvsignore
U work/utils/knudsen2/Makefile
U work/utils/knudsen2/knudsen2.f
U work/utils/matlab/contourfv.m
U work/utils/matlab/cube2latlon.m
U work/utils/matlab/dens_poly3.m
U work/utils/matlab/displaytiles.m
U work/utils/matlab/drawedges.m
U work/utils/matlab/grepread.m
U work/utils/matlab/ini_poly3.m
U work/utils/matlab/longitude.m
U work/utils/matlab/merccube.m
U work/utils/matlab/pcolorfv.m
U work/utils/matlab/permutetiles.m
U work/utils/matlab/plotcube.m
U work/utils/matlab/rdmds.m
U work/utils/matlab/rdmeta.m
U work/utils/matlab/stats.m
U work/utils/matlab/tiles.m
U work/utils/matlab/uvcube2latlon.m
U work/utils/scripts/joinds
U work/utils/scripts/joinmds
U work/verification/.cvsignore
U work/verification/README
U work/verification/testscript
U work/verification/adjust_nlfs.cs-32x32x1/.cvsignore
U work/verification/adjust_nlfs.cs-32x32x1/README
U work/verification/adjust_nlfs.cs-32x32x1/code/CPP_EEOPTIONS.h
U work/verification/adjust_nlfs.cs-32x32x1/code/CPP_OPTIONS.h
U work/verification/adjust_nlfs.cs-32x32x1/code/SIZE.h
U work/verification/adjust_nlfs.cs-32x32x1/input/.cvsignore
U work/verification/adjust_nlfs.cs-32x32x1/input/DXC.bin
U work/verification/adjust_nlfs.cs-32x32x1/input/DXC.tile
U work/verification/adjust_nlfs.cs-32x32x1/input/DXF.bin
U work/verification/adjust_nlfs.cs-32x32x1/input/DXF.tile
U work/verification/adjust_nlfs.cs-32x32x1/input/DXG.bin
U work/verification/adjust_nlfs.cs-32x32x1/input/DXG.tile
U work/verification/adjust_nlfs.cs-32x32x1/input/DXV.bin
U work/verification/adjust_nlfs.cs-32x32x1/input/DXV.tile
U work/verification/adjust_nlfs.cs-32x32x1/input/DYC.bin
U work/verification/adjust_nlfs.cs-32x32x1/input/DYF.bin
U work/verification/adjust_nlfs.cs-32x32x1/input/DYG.bin
U work/verification/adjust_nlfs.cs-32x32x1/input/DYU.bin
U work/verification/adjust_nlfs.cs-32x32x1/input/LATC.bin
U work/verification/adjust_nlfs.cs-32x32x1/input/LATC.tile
U work/verification/adjust_nlfs.cs-32x32x1/input/LATG.bin
U work/verification/adjust_nlfs.cs-32x32x1/input/LATG.tile
U work/verification/adjust_nlfs.cs-32x32x1/input/LONC.bin
U work/verification/adjust_nlfs.cs-32x32x1/input/LONC.tile
U work/verification/adjust_nlfs.cs-32x32x1/input/LONG.bin
U work/verification/adjust_nlfs.cs-32x32x1/input/LONG.tile
U work/verification/adjust_nlfs.cs-32x32x1/input/RA.bin
U work/verification/adjust_nlfs.cs-32x32x1/input/RA.tile
U work/verification/adjust_nlfs.cs-32x32x1/input/RAS.bin
U work/verification/adjust_nlfs.cs-32x32x1/input/RAW.bin
U work/verification/adjust_nlfs.cs-32x32x1/input/RAW.tile
U work/verification/adjust_nlfs.cs-32x32x1/input/RAZ.bin
U work/verification/adjust_nlfs.cs-32x32x1/input/RAZ.tile
U work/verification/adjust_nlfs.cs-32x32x1/input/data
U work/verification/adjust_nlfs.cs-32x32x1/input/data.pkg
U work/verification/adjust_nlfs.cs-32x32x1/input/eedata
U work/verification/adjust_nlfs.cs-32x32x1/input/ps100mb.bin
U work/verification/adjust_nlfs.cs-32x32x1/results/output.txt
U work/verification/adjustment.128x64x1/.cvsignore
U work/verification/adjustment.128x64x1/code/.cvsignore
U work/verification/adjustment.128x64x1/code/CPP_EEOPTIONS.h
U work/verification/adjustment.128x64x1/code/CPP_OPTIONS.h
U work/verification/adjustment.128x64x1/code/SIZE.h
U work/verification/adjustment.128x64x1/input/.cvsignore
U work/verification/adjustment.128x64x1/input/data
U work/verification/adjustment.128x64x1/input/data.pkg
U work/verification/adjustment.128x64x1/input/eedata
U work/verification/adjustment.128x64x1/input/gendata.m
U work/verification/adjustment.128x64x1/input/mkmovie.m
U work/verification/adjustment.128x64x1/input/ps.init
U work/verification/adjustment.128x64x1/results/output.txt
U work/verification/adjustment.cs-32x32x1/.cvsignore
U work/verification/adjustment.cs-32x32x1/code/.cvsignore
U work/verification/adjustment.cs-32x32x1/code/CPP_EEOPTIONS.h
U work/verification/adjustment.cs-32x32x1/code/CPP_OPTIONS.h
U work/verification/adjustment.cs-32x32x1/code/SIZE.h
U work/verification/adjustment.cs-32x32x1/input/.cvsignore
U work/verification/adjustment.cs-32x32x1/input/DXC.bin
U work/verification/adjustment.cs-32x32x1/input/DXC.tile
U work/verification/adjustment.cs-32x32x1/input/DXF.bin
U work/verification/adjustment.cs-32x32x1/input/DXF.tile
U work/verification/adjustment.cs-32x32x1/input/DXG.bin
U work/verification/adjustment.cs-32x32x1/input/DXG.tile
U work/verification/adjustment.cs-32x32x1/input/DXV.bin
U work/verification/adjustment.cs-32x32x1/input/DXV.tile
U work/verification/adjustment.cs-32x32x1/input/DYC.bin
U work/verification/adjustment.cs-32x32x1/input/DYF.bin
U work/verification/adjustment.cs-32x32x1/input/DYG.bin
U work/verification/adjustment.cs-32x32x1/input/DYU.bin
U work/verification/adjustment.cs-32x32x1/input/LATC.bin
U work/verification/adjustment.cs-32x32x1/input/LATC.tile
U work/verification/adjustment.cs-32x32x1/input/LATG.bin
U work/verification/adjustment.cs-32x32x1/input/LATG.tile
U work/verification/adjustment.cs-32x32x1/input/LONC.bin
U work/verification/adjustment.cs-32x32x1/input/LONC.tile
U work/verification/adjustment.cs-32x32x1/input/LONG.bin
U work/verification/adjustment.cs-32x32x1/input/LONG.tile
U work/verification/adjustment.cs-32x32x1/input/RA.bin
U work/verification/adjustment.cs-32x32x1/input/RA.tile
U work/verification/adjustment.cs-32x32x1/input/RAS.bin
U work/verification/adjustment.cs-32x32x1/input/RAW.bin
U work/verification/adjustment.cs-32x32x1/input/RAW.tile
U work/verification/adjustment.cs-32x32x1/input/RAZ.bin
U work/verification/adjustment.cs-32x32x1/input/RAZ.tile
U work/verification/adjustment.cs-32x32x1/input/cos.bin
U work/verification/adjustment.cs-32x32x1/input/cos_equator.bin
U work/verification/adjustment.cs-32x32x1/input/data
U work/verification/adjustment.cs-32x32x1/input/data.pkg
U work/verification/adjustment.cs-32x32x1/input/eedata
U work/verification/adjustment.cs-32x32x1/input/gendata.m
U work/verification/adjustment.cs-32x32x1/input/mkmovie.m
U work/verification/adjustment.cs-32x32x1/input/newgendata.m
U work/verification/adjustment.cs-32x32x1/input/readgrid.m
U work/verification/adjustment.cs-32x32x1/input/square.bin
U work/verification/adjustment.cs-32x32x1/results/output.txt
U work/verification/advect_cs/.cvsignore
U work/verification/advect_cs/code/.cvsignore
U work/verification/advect_cs/code/CPP_EEOPTIONS.h
U work/verification/advect_cs/code/CPP_OPTIONS.h
U work/verification/advect_cs/code/SIZE.h
U work/verification/advect_cs/code/ini_curvilinear_grid.F
U work/verification/advect_cs/code/ini_vel.F
U work/verification/advect_cs/input/.cvsignore
U work/verification/advect_cs/input/DXC.bin
U work/verification/advect_cs/input/DXF.bin
U work/verification/advect_cs/input/DXG.bin
U work/verification/advect_cs/input/DXV.bin
U work/verification/advect_cs/input/DYC.bin
U work/verification/advect_cs/input/DYF.bin
U work/verification/advect_cs/input/DYG.bin
U work/verification/advect_cs/input/DYU.bin
U work/verification/advect_cs/input/LATC.001.bin
U work/verification/advect_cs/input/LATC.002.bin
U work/verification/advect_cs/input/LATC.003.bin
U work/verification/advect_cs/input/LATC.004.bin
U work/verification/advect_cs/input/LATC.005.bin
U work/verification/advect_cs/input/LATC.006.bin
U work/verification/advect_cs/input/LATC.bin
U work/verification/advect_cs/input/LATG.001.bin
U work/verification/advect_cs/input/LATG.002.bin
U work/verification/advect_cs/input/LATG.003.bin
U work/verification/advect_cs/input/LATG.004.bin
U work/verification/advect_cs/input/LATG.005.bin
U work/verification/advect_cs/input/LATG.006.bin
U work/verification/advect_cs/input/LATG.bin
U work/verification/advect_cs/input/LONC.001.bin
U work/verification/advect_cs/input/LONC.002.bin
U work/verification/advect_cs/input/LONC.003.bin
U work/verification/advect_cs/input/LONC.004.bin
U work/verification/advect_cs/input/LONC.005.bin
U work/verification/advect_cs/input/LONC.006.bin
U work/verification/advect_cs/input/LONC.bin
U work/verification/advect_cs/input/LONG.001.bin
U work/verification/advect_cs/input/LONG.002.bin
U work/verification/advect_cs/input/LONG.003.bin
U work/verification/advect_cs/input/LONG.004.bin
U work/verification/advect_cs/input/LONG.005.bin
U work/verification/advect_cs/input/LONG.006.bin
U work/verification/advect_cs/input/LONG.bin
U work/verification/advect_cs/input/RA.bin
U work/verification/advect_cs/input/RAS.bin
U work/verification/advect_cs/input/RAW.bin
U work/verification/advect_cs/input/RAZ.bin
U work/verification/advect_cs/input/S.init
U work/verification/advect_cs/input/T.init
U work/verification/advect_cs/input/data
U work/verification/advect_cs/input/data.pkg
U work/verification/advect_cs/input/data.shap
U work/verification/advect_cs/input/eedata
U work/verification/advect_cs/input/gendata.m
U work/verification/advect_cs/results/output.txt
U work/verification/advect_xy/.cvsignore
U work/verification/advect_xy/code/.cvsignore
U work/verification/advect_xy/code/CPP_EEOPTIONS.h
U work/verification/advect_xy/code/CPP_OPTIONS.h
U work/verification/advect_xy/code/SIZE.h
U work/verification/advect_xy/code/ini_salt.F
U work/verification/advect_xy/code/ini_theta.F
U work/verification/advect_xy/code/ini_vel.F
U work/verification/advect_xy/input/.cvsignore
U work/verification/advect_xy/input/data
U work/verification/advect_xy/input/data.pkg
U work/verification/advect_xy/input/eedata
U work/verification/advect_xy/results/output.txt
U work/verification/advect_xz/.cvsignore
U work/verification/advect_xz/code/.cvsignore
U work/verification/advect_xz/code/CPP_EEOPTIONS.h
U work/verification/advect_xz/code/CPP_OPTIONS.h
U work/verification/advect_xz/code/SIZE.h
U work/verification/advect_xz/code/ini_depths.F
U work/verification/advect_xz/code/ini_theta.F
U work/verification/advect_xz/code/ini_vel.F
U work/verification/advect_xz/input/.cvsignore
U work/verification/advect_xz/input/data
U work/verification/advect_xz/input/data.pkg
U work/verification/advect_xz/input/eedata
U work/verification/advect_xz/results/output.txt
U work/verification/aim.5l_Equatorial_Channel/.cvsignore
U work/verification/aim.5l_Equatorial_Channel/README
U work/verification/aim.5l_Equatorial_Channel/code/.cvsignore
U work/verification/aim.5l_Equatorial_Channel/code/CPP_EEOPTIONS.h
U work/verification/aim.5l_Equatorial_Channel/code/CPP_OPTIONS.h
U work/verification/aim.5l_Equatorial_Channel/code/SHAP_FILT_OPTIONS.h
U work/verification/aim.5l_Equatorial_Channel/code/SIZE.h
U work/verification/aim.5l_Equatorial_Channel/code/aim_do_atmos_physics.F
U work/verification/aim.5l_Equatorial_Channel/code/calc_gs.F
U work/verification/aim.5l_Equatorial_Channel/code/calc_gt.F
U work/verification/aim.5l_Equatorial_Channel/code/external_forcing.F
U work/verification/aim.5l_Equatorial_Channel/code/ini_depths.F
U work/verification/aim.5l_Equatorial_Channel/input/.cvsignore
U work/verification/aim.5l_Equatorial_Channel/input/.genmakerc
U work/verification/aim.5l_Equatorial_Channel/input/data
U work/verification/aim.5l_Equatorial_Channel/input/data.pkg
U work/verification/aim.5l_Equatorial_Channel/input/data.shap
U work/verification/aim.5l_Equatorial_Channel/input/eedata
U work/verification/aim.5l_Equatorial_Channel/input/pickup.0000008640
U work/verification/aim.5l_Equatorial_Channel/results/output.txt
U work/verification/aim.5l_LatLon/.cvsignore
U work/verification/aim.5l_LatLon/README
U work/verification/aim.5l_LatLon/code/.cvsignore
U work/verification/aim.5l_LatLon/code/CPP_EEOPTIONS.h
U work/verification/aim.5l_LatLon/code/CPP_OPTIONS.h
U work/verification/aim.5l_LatLon/code/SHAP_FILT_OPTIONS.h
U work/verification/aim.5l_LatLon/code/SIZE.h
U work/verification/aim.5l_LatLon/code/calc_gs.F
U work/verification/aim.5l_LatLon/code/calc_gt.F
U work/verification/aim.5l_LatLon/code/external_fields_load.F
U work/verification/aim.5l_LatLon/code/external_forcing.F
U work/verification/aim.5l_LatLon/input/.cvsignore
U work/verification/aim.5l_LatLon/input/.genmakerc
U work/verification/aim.5l_LatLon/input/data
U work/verification/aim.5l_LatLon/input/data.pkg
U work/verification/aim.5l_LatLon/input/data.shap
U work/verification/aim.5l_LatLon/input/data.zonfilt
U work/verification/aim.5l_LatLon/input/eedata
U work/verification/aim.5l_LatLon/input/pickup.0000017280
U work/verification/aim.5l_LatLon/input/salb.apr.ft.bin
U work/verification/aim.5l_LatLon/input/salb.aug.ft.bin
U work/verification/aim.5l_LatLon/input/salb.dec.ft.bin
U work/verification/aim.5l_LatLon/input/salb.feb.ft.bin
U work/verification/aim.5l_LatLon/input/salb.jan.ft.bin
U work/verification/aim.5l_LatLon/input/salb.jul.ft.bin
U work/verification/aim.5l_LatLon/input/salb.jun.ft.bin
U work/verification/aim.5l_LatLon/input/salb.mar.ft.bin
U work/verification/aim.5l_LatLon/input/salb.may.ft.bin
U work/verification/aim.5l_LatLon/input/salb.nov.ft.bin
U work/verification/aim.5l_LatLon/input/salb.oct.ft.bin
U work/verification/aim.5l_LatLon/input/salb.sep.ft.bin
U work/verification/aim.5l_LatLon/input/smoist.apr.ft.bin
U work/verification/aim.5l_LatLon/input/smoist.aug.ft.bin
U work/verification/aim.5l_LatLon/input/smoist.dec.ft.bin
U work/verification/aim.5l_LatLon/input/smoist.feb.ft.bin
U work/verification/aim.5l_LatLon/input/smoist.jan.ft.bin
U work/verification/aim.5l_LatLon/input/smoist.jul.ft.bin
U work/verification/aim.5l_LatLon/input/smoist.jun.ft.bin
U work/verification/aim.5l_LatLon/input/smoist.mar.ft.bin
U work/verification/aim.5l_LatLon/input/smoist.may.ft.bin
U work/verification/aim.5l_LatLon/input/smoist.nov.ft.bin
U work/verification/aim.5l_LatLon/input/smoist.oct.ft.bin
U work/verification/aim.5l_LatLon/input/smoist.sep.ft.bin
U work/verification/aim.5l_LatLon/input/stheta.apr.ft.bin
U work/verification/aim.5l_LatLon/input/stheta.aug.ft.bin
U work/verification/aim.5l_LatLon/input/stheta.dec.ft.bin
U work/verification/aim.5l_LatLon/input/stheta.feb.ft.bin
U work/verification/aim.5l_LatLon/input/stheta.jan.ft.bin
U work/verification/aim.5l_LatLon/input/stheta.jul.ft.bin
U work/verification/aim.5l_LatLon/input/stheta.jun.ft.bin
U work/verification/aim.5l_LatLon/input/stheta.mar.ft.bin
U work/verification/aim.5l_LatLon/input/stheta.may.ft.bin
U work/verification/aim.5l_LatLon/input/stheta.nov.ft.bin
U work/verification/aim.5l_LatLon/input/stheta.oct.ft.bin
U work/verification/aim.5l_LatLon/input/stheta.sep.ft.bin
U work/verification/aim.5l_LatLon/input/topo.filt_55.bin
U work/verification/aim.5l_LatLon/results/output.txt
U work/verification/aim.5l_XZ_Equatorial_Slice/.cvsignore
U work/verification/aim.5l_XZ_Equatorial_Slice/README
U work/verification/aim.5l_XZ_Equatorial_Slice/code/.cvsignore
U work/verification/aim.5l_XZ_Equatorial_Slice/code/CPP_EEOPTIONS.h
U work/verification/aim.5l_XZ_Equatorial_Slice/code/CPP_OPTIONS.h
U work/verification/aim.5l_XZ_Equatorial_Slice/code/SIZE.h
U work/verification/aim.5l_XZ_Equatorial_Slice/code/aim_external_forcing.F
U work/verification/aim.5l_XZ_Equatorial_Slice/code/external_forcing.F
U work/verification/aim.5l_XZ_Equatorial_Slice/code/ini_depths.F
U work/verification/aim.5l_XZ_Equatorial_Slice/input/.cvsignore
U work/verification/aim.5l_XZ_Equatorial_Slice/input/.genmakerc
U work/verification/aim.5l_XZ_Equatorial_Slice/input/data
U work/verification/aim.5l_XZ_Equatorial_Slice/input/data.pkg
U work/verification/aim.5l_XZ_Equatorial_Slice/input/data.shap
U work/verification/aim.5l_XZ_Equatorial_Slice/input/eedata
U work/verification/aim.5l_cs/.cvsignore
U work/verification/aim.5l_cs/code/.cvsignore
U work/verification/aim.5l_cs/code/CPP_EEOPTIONS.h
U work/verification/aim.5l_cs/code/CPP_OPTIONS.h
U work/verification/aim.5l_cs/code/EEPARAMS.h
U work/verification/aim.5l_cs/code/SIZE.h
U work/verification/aim.5l_cs/code/aim_external_fields_load.F
U work/verification/aim.5l_cs/code/calc_gs.F
U work/verification/aim.5l_cs/code/calc_gt.F
U work/verification/aim.5l_cs/code/external_fields_load.F
U work/verification/aim.5l_cs/code/external_forcing.F
U work/verification/aim.5l_cs/code/mom_vecinv.F
U work/verification/aim.5l_cs/code/mom_vi_coriolis.F
U work/verification/aim.5l_cs/code/mom_vi_hfacz_diss.F
U work/verification/aim.5l_cs/code/mom_vi_mask_vort3.F
U work/verification/aim.5l_cs/code/mom_vi_u_coriolis.F
U work/verification/aim.5l_cs/code/mom_vi_v_coriolis.F
U work/verification/aim.5l_cs/code/shap_filt_relvort3.F
U work/verification/aim.5l_cs/code/shap_filt_uv_s2.F
U work/verification/aim.5l_cs/input/.cvsignore
U work/verification/aim.5l_cs/input/.genmakerc
U work/verification/aim.5l_cs/input/DXC.bin
U work/verification/aim.5l_cs/input/DXF.bin
U work/verification/aim.5l_cs/input/DXG.bin
U work/verification/aim.5l_cs/input/DXV.bin
U work/verification/aim.5l_cs/input/DYC.bin
U work/verification/aim.5l_cs/input/DYF.bin
U work/verification/aim.5l_cs/input/DYG.bin
U work/verification/aim.5l_cs/input/DYU.bin
U work/verification/aim.5l_cs/input/LATC.bin
U work/verification/aim.5l_cs/input/LATG.bin
U work/verification/aim.5l_cs/input/LONC.bin
U work/verification/aim.5l_cs/input/LONG.bin
U work/verification/aim.5l_cs/input/RA.bin
U work/verification/aim.5l_cs/input/RAS.bin
U work/verification/aim.5l_cs/input/RAW.bin
U work/verification/aim.5l_cs/input/RAZ.bin
U work/verification/aim.5l_cs/input/data
U work/verification/aim.5l_cs/input/data.pkg
U work/verification/aim.5l_cs/input/data.shap
U work/verification/aim.5l_cs/input/eedata
U work/verification/aim.5l_cs/input/pickup.0000017280
U work/verification/aim.5l_cs/input/salb.apr.cs.bin
U work/verification/aim.5l_cs/input/salb.aug.cs.bin
U work/verification/aim.5l_cs/input/salb.dec.cs.bin
U work/verification/aim.5l_cs/input/salb.feb.cs.bin
U work/verification/aim.5l_cs/input/salb.jan.cs.bin
U work/verification/aim.5l_cs/input/salb.jul.cs.bin
U work/verification/aim.5l_cs/input/salb.jun.cs.bin
U work/verification/aim.5l_cs/input/salb.mar.cs.bin
U work/verification/aim.5l_cs/input/salb.may.cs.bin
U work/verification/aim.5l_cs/input/salb.nov.cs.bin
U work/verification/aim.5l_cs/input/salb.oct.cs.bin
U work/verification/aim.5l_cs/input/salb.sep.cs.bin
U work/verification/aim.5l_cs/input/smoist.apr.cs.bin
U work/verification/aim.5l_cs/input/smoist.aug.cs.bin
U work/verification/aim.5l_cs/input/smoist.dec.cs.bin
U work/verification/aim.5l_cs/input/smoist.feb.cs.bin
U work/verification/aim.5l_cs/input/smoist.jan.cs.bin
U work/verification/aim.5l_cs/input/smoist.jul.cs.bin
U work/verification/aim.5l_cs/input/smoist.jun.cs.bin
U work/verification/aim.5l_cs/input/smoist.mar.cs.bin
U work/verification/aim.5l_cs/input/smoist.may.cs.bin
U work/verification/aim.5l_cs/input/smoist.nov.cs.bin
U work/verification/aim.5l_cs/input/smoist.oct.cs.bin
U work/verification/aim.5l_cs/input/smoist.sep.cs.bin
U work/verification/aim.5l_cs/input/stheta.apr.cs.bin
U work/verification/aim.5l_cs/input/stheta.aug.cs.bin
U work/verification/aim.5l_cs/input/stheta.dec.cs.bin
U work/verification/aim.5l_cs/input/stheta.feb.cs.bin
U work/verification/aim.5l_cs/input/stheta.jan.cs.bin
U work/verification/aim.5l_cs/input/stheta.jul.cs.bin
U work/verification/aim.5l_cs/input/stheta.jun.cs.bin
U work/verification/aim.5l_cs/input/stheta.mar.cs.bin
U work/verification/aim.5l_cs/input/stheta.may.cs.bin
U work/verification/aim.5l_cs/input/stheta.nov.cs.bin
U work/verification/aim.5l_cs/input/stheta.oct.cs.bin
U work/verification/aim.5l_cs/input/stheta.sep.cs.bin
U work/verification/aim.5l_cs/input/topo.cs.bin
U work/verification/aim.5l_cs/results/output.txt
U work/verification/aim.5l_zon-ave/.cvsignore
U work/verification/aim.5l_zon-ave/README
U work/verification/aim.5l_zon-ave/code/.cvsignore
U work/verification/aim.5l_zon-ave/code/CPP_EEOPTIONS.h
U work/verification/aim.5l_zon-ave/code/CPP_OPTIONS.h
U work/verification/aim.5l_zon-ave/code/SIZE.h
U work/verification/aim.5l_zon-ave/code/aim_do_atmos_physics.F
U work/verification/aim.5l_zon-ave/code/external_forcing.F
U work/verification/aim.5l_zon-ave/code/ini_theta.F
U work/verification/aim.5l_zon-ave/input/.cvsignore
U work/verification/aim.5l_zon-ave/input/.genmakerc
U work/verification/aim.5l_zon-ave/input/data
U work/verification/aim.5l_zon-ave/input/data.pkg
U work/verification/aim.5l_zon-ave/input/data.shap
U work/verification/aim.5l_zon-ave/input/eedata
U work/verification/carbon/.cvsignore
U work/verification/carbon/DESCRIPTION
U work/verification/carbon/README
U work/verification/carbon/code/.cvsignore
U work/verification/carbon/code/.genmakerc
U work/verification/carbon/code/COST_CPPOPTIONS.h
U work/verification/carbon/code/CPP_EEOPTIONS.h
U work/verification/carbon/code/CPP_OPTIONS.h
U work/verification/carbon/code/CTRL_CPPOPTIONS.h
U work/verification/carbon/code/ECCO_CPPOPTIONS.h
U work/verification/carbon/code/GMREDI_OPTIONS.h
U work/verification/carbon/code/SIZE.h
U work/verification/carbon/code/adcommon.h
U work/verification/carbon/code/g_common.h
U work/verification/carbon/code/tamc.h
U work/verification/carbon/code_ftl/.genmakerc
U work/verification/carbon/code_ftl/COST_CPPOPTIONS.h
U work/verification/carbon/code_ftl/CPP_EEOPTIONS.h
U work/verification/carbon/code_ftl/CPP_OPTIONS.h
U work/verification/carbon/code_ftl/CTRL_CPPOPTIONS.h
U work/verification/carbon/code_ftl/ECCO_CPPOPTIONS.h
U work/verification/carbon/code_ftl/GMREDI_OPTIONS.h
U work/verification/carbon/code_ftl/SIZE.h
U work/verification/carbon/code_ftl/adcommon.h
U work/verification/carbon/code_ftl/g_common.h
U work/verification/carbon/code_ftl/tamc.h
U work/verification/carbon/input/.cvsignore
U work/verification/carbon/input/SSS.bin
U work/verification/carbon/input/SST.bin
U work/verification/carbon/input/data
U work/verification/carbon/input/data.cost
U work/verification/carbon/input/data.ctrl
U work/verification/carbon/input/data.gmredi
U work/verification/carbon/input/data.grdchk
U work/verification/carbon/input/data.optim
U work/verification/carbon/input/data.pkg
U work/verification/carbon/input/eedata
U work/verification/carbon/input/pickup.0000144000
U work/verification/carbon/input/pickup_cd.0000144000
U work/verification/carbon/input/salt.bin
U work/verification/carbon/input/theta.bin
U work/verification/carbon/input/topog.bin
U work/verification/carbon/input/windx.bin
U work/verification/carbon/input/windy.bin
U work/verification/carbon/input_ftl/SSS.bin
U work/verification/carbon/input_ftl/SST.bin
U work/verification/carbon/input_ftl/data
U work/verification/carbon/input_ftl/data.cost
U work/verification/carbon/input_ftl/data.ctrl
U work/verification/carbon/input_ftl/data.gmredi
U work/verification/carbon/input_ftl/data.grdchk
U work/verification/carbon/input_ftl/data.optim
U work/verification/carbon/input_ftl/data.pkg
U work/verification/carbon/input_ftl/eedata
U work/verification/carbon/input_ftl/salt.bin
U work/verification/carbon/input_ftl/theta.bin
U work/verification/carbon/input_ftl/topog.bin
U work/verification/carbon/input_ftl/windx.bin
U work/verification/carbon/input_ftl/windy.bin
U work/verification/exp0/.cvsignore
U work/verification/exp0/README
U work/verification/exp0/code/.cvsignore
U work/verification/exp0/code/CPP_EEOPTIONS.h
U work/verification/exp0/code/CPP_OPTIONS.h
U work/verification/exp0/code/SIZE.h
U work/verification/exp0/input/.cvsignore
U work/verification/exp0/input/data
U work/verification/exp0/input/data.pkg
U work/verification/exp0/input/eedata
U work/verification/exp0/input/gendata.m
U work/verification/exp0/input/topog.box
U work/verification/exp0/input/windx.sin_y
U work/verification/exp0/results/output.txt
U work/verification/exp1/.cvsignore
U work/verification/exp1/README
U work/verification/exp1/code/.cvsignore
U work/verification/exp1/code/CPP_EEOPTIONS.h
U work/verification/exp1/code/CPP_OPTIONS.h
U work/verification/exp1/code/SIZE.h
U work/verification/exp1/input/.cvsignore
U work/verification/exp1/input/data
U work/verification/exp1/input/data.pkg
U work/verification/exp1/input/eedata
U work/verification/exp1/input/gendata.m
U work/verification/exp1/input/topog.box
U work/verification/exp1/input/windx.sin_y
U work/verification/exp1/results/output.txt
U work/verification/exp2/.cvsignore
U work/verification/exp2/README
U work/verification/exp2/code/.cvsignore
U work/verification/exp2/code/CPP_EEOPTIONS.h
U work/verification/exp2/code/CPP_OPTIONS.h
U work/verification/exp2/code/SIZE.h
U work/verification/exp2/input/.cvsignore
U work/verification/exp2/input/SSS.bin
U work/verification/exp2/input/SST.bin
U work/verification/exp2/input/data
U work/verification/exp2/input/data.pkg
U work/verification/exp2/input/eedata
U work/verification/exp2/input/salt.bin
U work/verification/exp2/input/theta.bin
U work/verification/exp2/input/topog.bin
U work/verification/exp2/input/windx.bin
U work/verification/exp2/input/windy.bin
U work/verification/exp2/results/output.txt
U work/verification/exp4/.cvsignore
U work/verification/exp4/README
U work/verification/exp4/code/.cvsignore
U work/verification/exp4/code/CPP_EEOPTIONS.h
U work/verification/exp4/code/CPP_OPTIONS.h
U work/verification/exp4/code/SIZE.h
U work/verification/exp4/code/obcs_calc.F
U work/verification/exp4/input/.cvsignore
U work/verification/exp4/input/data
U work/verification/exp4/input/data.bump
U work/verification/exp4/input/data.bumpchannel
U work/verification/exp4/input/data.channel
U work/verification/exp4/input/data.obcs
U work/verification/exp4/input/data.pkg
U work/verification/exp4/input/eedata
U work/verification/exp4/input/gendata.m
U work/verification/exp4/input/topog.bump
U work/verification/exp4/input/topog.bumpchannel
U work/verification/exp4/input/topog.channel
U work/verification/exp4/results/output.txt
U work/verification/exp5/.cvsignore
U work/verification/exp5/README
U work/verification/exp5/code/.cvsignore
U work/verification/exp5/code/CPP_EEOPTIONS.h
U work/verification/exp5/code/CPP_OPTIONS.h
U work/verification/exp5/code/SIZE.h
U work/verification/exp5/input/.cvsignore
U work/verification/exp5/input/Qnet.circle
U work/verification/exp5/input/data
U work/verification/exp5/input/data.pkg
U work/verification/exp5/input/eedata
U work/verification/exp5/input/gendata.m
U work/verification/exp5/results/output.txt
U work/verification/flt_example/.cvsignore
U work/verification/flt_example/README
U work/verification/flt_example/aux/Makefile
U work/verification/flt_example/aux/cvfloat.F
U work/verification/flt_example/aux/cvprofiles.F
U work/verification/flt_example/aux/write_float.F
U work/verification/flt_example/code/.cvsignore
U work/verification/flt_example/code/CPP_EEOPTIONS.h
U work/verification/flt_example/code/CPP_OPTIONS.h
U work/verification/flt_example/code/SIZE.h
U work/verification/flt_example/input/.cvsignore
U work/verification/flt_example/input/.genmakerc
U work/verification/flt_example/input/data
U work/verification/flt_example/input/data.float
U work/verification/flt_example/input/data.flt
U work/verification/flt_example/input/data.pkg
U work/verification/flt_example/input/data.profiles
U work/verification/flt_example/input/eedata
U work/verification/flt_example/input/float_pos.input
U work/verification/flt_example/input/read_flt_traj.m
U work/verification/flt_example/input/topog.bump
U work/verification/flt_example/input/windx.sin_y
U work/verification/flt_example/results/0000002160.cdf
U work/verification/flt_example/results/data.float
U work/verification/flt_example/results/data.profiles
U work/verification/flt_example/results/float_profiles.cdf
U work/verification/flt_example/results/float_trajectories.cdf
U work/verification/front_relax/.cvsignore
U work/verification/front_relax/README
U work/verification/front_relax/code/.cvsignore
U work/verification/front_relax/code/CPP_EEOPTIONS.h
U work/verification/front_relax/code/CPP_OPTIONS.h
U work/verification/front_relax/code/SIZE.h
U work/verification/front_relax/input/.cvsignore
U work/verification/front_relax/input/data
U work/verification/front_relax/input/data.gmredi
U work/verification/front_relax/input/data.pkg
U work/verification/front_relax/input/dy.bin
U work/verification/front_relax/input/eedata
U work/verification/front_relax/input/gendata.m
U work/verification/front_relax/input/salt.bin
U work/verification/front_relax/input/theta.bin
U work/verification/front_relax/input/topog.bin
U work/verification/front_relax/results/output.txt
U work/verification/global_ocean.90x40x15/.cvsignore
U work/verification/global_ocean.90x40x15/code/.cvsignore
U work/verification/global_ocean.90x40x15/code/CPP_EEOPTIONS.h
U work/verification/global_ocean.90x40x15/code/CPP_OPTIONS.h
U work/verification/global_ocean.90x40x15/code/GMREDI_OPTIONS.h
U work/verification/global_ocean.90x40x15/code/SIZE.h
U work/verification/global_ocean.90x40x15/code_ad/.genmakerc
U work/verification/global_ocean.90x40x15/code_ad/COST_CPPOPTIONS.h
U work/verification/global_ocean.90x40x15/code_ad/CPP_EEOPTIONS.h
U work/verification/global_ocean.90x40x15/code_ad/CPP_OPTIONS.h
U work/verification/global_ocean.90x40x15/code_ad/CTRL_CPPOPTIONS.h
U work/verification/global_ocean.90x40x15/code_ad/ECCO_CPPOPTIONS.h
U work/verification/global_ocean.90x40x15/code_ad/GMREDI_OPTIONS.h
U work/verification/global_ocean.90x40x15/code_ad/SIZE.h
U work/verification/global_ocean.90x40x15/code_ad/adcommon.h
U work/verification/global_ocean.90x40x15/code_ad/g_common.h
U work/verification/global_ocean.90x40x15/code_ad/tamc.h
U work/verification/global_ocean.90x40x15/input/.cvsignore
U work/verification/global_ocean.90x40x15/input/POLY3.COEFFS
U work/verification/global_ocean.90x40x15/input/bathy.bin
U work/verification/global_ocean.90x40x15/input/data
U work/verification/global_ocean.90x40x15/input/data.gmredi
U work/verification/global_ocean.90x40x15/input/data.pkg
U work/verification/global_ocean.90x40x15/input/eedata
U work/verification/global_ocean.90x40x15/input/sal.bin
U work/verification/global_ocean.90x40x15/input/sal_surf.bin
U work/verification/global_ocean.90x40x15/input/shi_empr.bin
U work/verification/global_ocean.90x40x15/input/shi_qnet.bin
U work/verification/global_ocean.90x40x15/input/theta.bin
U work/verification/global_ocean.90x40x15/input/theta_surf.bin
U work/verification/global_ocean.90x40x15/input/tren_taux.bin
U work/verification/global_ocean.90x40x15/input/tren_tauy.bin
U work/verification/global_ocean.90x40x15/input_ad/POLY3.COEFFS
U work/verification/global_ocean.90x40x15/input_ad/USE_.bin_FILES_FROM_INPUT_DIR
U work/verification/global_ocean.90x40x15/input_ad/data
U work/verification/global_ocean.90x40x15/input_ad/data.cost
U work/verification/global_ocean.90x40x15/input_ad/data.ctrl
U work/verification/global_ocean.90x40x15/input_ad/data.gmredi
U work/verification/global_ocean.90x40x15/input_ad/data.grdchk
U work/verification/global_ocean.90x40x15/input_ad/data.optim
U work/verification/global_ocean.90x40x15/input_ad/data.pkg
U work/verification/global_ocean.90x40x15/input_ad/eedata
U work/verification/global_ocean.90x40x15/results/output.txt
U work/verification/hs94.128x64x5/.cvsignore
U work/verification/hs94.128x64x5/code/.cvsignore
U work/verification/hs94.128x64x5/code/CPP_EEOPTIONS.h
U work/verification/hs94.128x64x5/code/CPP_OPTIONS.h
U work/verification/hs94.128x64x5/code/SIZE.h
U work/verification/hs94.128x64x5/code/external_forcing.F
U work/verification/hs94.128x64x5/code/ini_theta.F
U work/verification/hs94.128x64x5/input/.cvsignore
U work/verification/hs94.128x64x5/input/data
U work/verification/hs94.128x64x5/input/data.pkg
U work/verification/hs94.128x64x5/input/data.shap
U work/verification/hs94.128x64x5/input/data.zonfilt
U work/verification/hs94.128x64x5/input/eedata
U work/verification/hs94.128x64x5/results/output.txt
U work/verification/hs94.1x64x5/.cvsignore
U work/verification/hs94.1x64x5/README
U work/verification/hs94.1x64x5/README_AD
U work/verification/hs94.1x64x5/adcode/.cvsignore
U work/verification/hs94.1x64x5/adcode/.genmakerc
U work/verification/hs94.1x64x5/adcode/COST_CPPOPTIONS.h
U work/verification/hs94.1x64x5/adcode/CPP_EEOPTIONS.h
U work/verification/hs94.1x64x5/adcode/CPP_OPTIONS.h
U work/verification/hs94.1x64x5/adcode/CTRL_CPPOPTIONS.h
U work/verification/hs94.1x64x5/adcode/ECCO_CPPOPTIONS.h
U work/verification/hs94.1x64x5/adcode/SIZE.h
U work/verification/hs94.1x64x5/adcode/adcommon.h
U work/verification/hs94.1x64x5/adcode/cost_test.F
U work/verification/hs94.1x64x5/adcode/external_forcing.F
U work/verification/hs94.1x64x5/adcode/ini_theta.F
U work/verification/hs94.1x64x5/adcode/tamc.h
U work/verification/hs94.1x64x5/adinput/.cvsignore
U work/verification/hs94.1x64x5/adinput/data
U work/verification/hs94.1x64x5/adinput/data.cost
U work/verification/hs94.1x64x5/adinput/data.ctrl
U work/verification/hs94.1x64x5/adinput/data.grdchk
U work/verification/hs94.1x64x5/adinput/data.optim
U work/verification/hs94.1x64x5/adinput/data.pkg
U work/verification/hs94.1x64x5/adinput/data.shap
U work/verification/hs94.1x64x5/adinput/eedata
U work/verification/hs94.1x64x5/code/.cvsignore
U work/verification/hs94.1x64x5/code/CPP_EEOPTIONS.h
U work/verification/hs94.1x64x5/code/CPP_OPTIONS.h
U work/verification/hs94.1x64x5/code/SIZE.h
U work/verification/hs94.1x64x5/code/external_forcing.F
U work/verification/hs94.1x64x5/code/ini_theta.F
U work/verification/hs94.1x64x5/input/.cvsignore
U work/verification/hs94.1x64x5/input/data
U work/verification/hs94.1x64x5/input/data.pkg
U work/verification/hs94.1x64x5/input/data.shap
U work/verification/hs94.1x64x5/input/eedata
U work/verification/hs94.1x64x5/results/output.txt
U work/verification/hs94.cs-32x32x5/.cvsignore
U work/verification/hs94.cs-32x32x5/code/.cvsignore
U work/verification/hs94.cs-32x32x5/code/CPP_EEOPTIONS.h
U work/verification/hs94.cs-32x32x5/code/CPP_OPTIONS.h
U work/verification/hs94.cs-32x32x5/code/SIZE.h
U work/verification/hs94.cs-32x32x5/code/external_forcing.F
U work/verification/hs94.cs-32x32x5/code/ini_theta.F
U work/verification/hs94.cs-32x32x5/input/.cvsignore
U work/verification/hs94.cs-32x32x5/input/.genmakerc
U work/verification/hs94.cs-32x32x5/input/DXC.bin
U work/verification/hs94.cs-32x32x5/input/DXF.bin
U work/verification/hs94.cs-32x32x5/input/DXG.bin
U work/verification/hs94.cs-32x32x5/input/DXV.bin
U work/verification/hs94.cs-32x32x5/input/DYC.bin
U work/verification/hs94.cs-32x32x5/input/DYF.bin
U work/verification/hs94.cs-32x32x5/input/DYG.bin
U work/verification/hs94.cs-32x32x5/input/DYU.bin
U work/verification/hs94.cs-32x32x5/input/LATC.bin
U work/verification/hs94.cs-32x32x5/input/LATG.bin
U work/verification/hs94.cs-32x32x5/input/LONC.bin
U work/verification/hs94.cs-32x32x5/input/LONG.bin
U work/verification/hs94.cs-32x32x5/input/RA.bin
U work/verification/hs94.cs-32x32x5/input/RAS.bin
U work/verification/hs94.cs-32x32x5/input/RAW.bin
U work/verification/hs94.cs-32x32x5/input/RAZ.bin
U work/verification/hs94.cs-32x32x5/input/data
U work/verification/hs94.cs-32x32x5/input/data.pkg
U work/verification/hs94.cs-32x32x5/input/data.shap
U work/verification/hs94.cs-32x32x5/input/eedata
U work/verification/hs94.cs-32x32x5/results/output.txt
U work/verification/internal_wave/.cvsignore
U work/verification/internal_wave/README
U work/verification/internal_wave/code/.cvsignore
U work/verification/internal_wave/code/CPP_EEOPTIONS.h
U work/verification/internal_wave/code/CPP_OPTIONS.h
U work/verification/internal_wave/code/SIZE.h
U work/verification/internal_wave/code/obcs_calc.F
U work/verification/internal_wave/input/.cvsignore
U work/verification/internal_wave/input/T.init
U work/verification/internal_wave/input/data
U work/verification/internal_wave/input/data.obcs
U work/verification/internal_wave/input/data.pkg
U work/verification/internal_wave/input/delXvar
U work/verification/internal_wave/input/eedata
U work/verification/internal_wave/input/gendata.m
U work/verification/internal_wave/input/topog.concave
U work/verification/internal_wave/input/topog.convex
U work/verification/internal_wave/input/topog.slope
U work/verification/internal_wave/results/output.txt
U work/verification/natl_box/.cvsignore
U work/verification/natl_box/README
U work/verification/natl_box/code/.cvsignore
U work/verification/natl_box/code/.genmakerc
U work/verification/natl_box/code/CPP_EEOPTIONS.h
U work/verification/natl_box/code/CPP_OPTIONS.h
U work/verification/natl_box/code/KPP_OPTIONS.h
U work/verification/natl_box/code/SIZE.h
U work/verification/natl_box/code/external_fields_load.F
U work/verification/natl_box/input/.cvsignore
U work/verification/natl_box/input/POLY3.COEFFS
U work/verification/natl_box/input/data
U work/verification/natl_box/input/data.kpp
U work/verification/natl_box/input/data.pkg
U work/verification/natl_box/input/eedata
U work/verification/natl_box/input/kf_climsalt
U work/verification/natl_box/input/kf_climtheta
U work/verification/natl_box/input/kf_empmr
U work/verification/natl_box/input/kf_fu
U work/verification/natl_box/input/kf_fv
U work/verification/natl_box/input/kf_qnet
U work/verification/natl_box/input/kf_sss
U work/verification/natl_box/input/kf_sst
U work/verification/natl_box/input/kf_sw
U work/verification/natl_box/input/kf_topog
U work/verification/natl_box/matlab/comp_bldepth.eps
U work/verification/natl_box/matlab/comp_diffus.eps
U work/verification/natl_box/matlab/comp_output.m
U work/verification/natl_box/matlab/comp_temp.eps
U work/verification/natl_box/matlab/readbin.m
U work/verification/natl_box/matlab/readgcm.m
U work/verification/natl_box/matlab/write_record.m
U work/verification/natl_box/matlab/writebin.m
U work/verification/natl_box/matlab/writegcm.m
U work/verification/natl_box/results/KPPdiffKzT.001.001.data
U work/verification/natl_box/results/KPPdiffKzT.001.001.meta
U work/verification/natl_box/results/KPPhbl.001.001.data
U work/verification/natl_box/results/KPPhbl.001.001.meta
U work/verification/natl_box/results/T.001.001.data
U work/verification/natl_box/results/T.001.001.meta
U work/verification/natl_box/results/comp_orig.F
U work/verification/natl_box/results/output.txt
U work/verification/plume_on_slope/.cvsignore
U work/verification/plume_on_slope/code/.cvsignore
U work/verification/plume_on_slope/code/CPP_EEOPTIONS.h
U work/verification/plume_on_slope/code/CPP_OPTIONS.h
U work/verification/plume_on_slope/code/SIZE.h
U work/verification/plume_on_slope/input/.cvsignore
U work/verification/plume_on_slope/input/Qnet.forcing
U work/verification/plume_on_slope/input/T.init
U work/verification/plume_on_slope/input/data
U work/verification/plume_on_slope/input/data.obcs
U work/verification/plume_on_slope/input/data.pkg
U work/verification/plume_on_slope/input/dx.bin
U work/verification/plume_on_slope/input/eedata
U work/verification/plume_on_slope/input/gendata.m
U work/verification/plume_on_slope/input/topog.slope
U work/verification/plume_on_slope/results/output.txt
U work/verification/solid-body.cs-32x32x1/.cvsignore
U work/verification/solid-body.cs-32x32x1/code/.cvsignore
U work/verification/solid-body.cs-32x32x1/code/CPP_EEOPTIONS.h
U work/verification/solid-body.cs-32x32x1/code/CPP_OPTIONS.h
U work/verification/solid-body.cs-32x32x1/code/SIZE.h
U work/verification/solid-body.cs-32x32x1/code/ini_curvilinear_grid.F
U work/verification/solid-body.cs-32x32x1/code/ini_psurf.F
U work/verification/solid-body.cs-32x32x1/code/ini_vel.F
U work/verification/solid-body.cs-32x32x1/input/.cvsignore
U work/verification/solid-body.cs-32x32x1/input/.genmakerc
U work/verification/solid-body.cs-32x32x1/input/DXC.bin
U work/verification/solid-body.cs-32x32x1/input/DXF.bin
U work/verification/solid-body.cs-32x32x1/input/DXG.bin
U work/verification/solid-body.cs-32x32x1/input/DXV.bin
U work/verification/solid-body.cs-32x32x1/input/DYC.bin
U work/verification/solid-body.cs-32x32x1/input/DYF.bin
U work/verification/solid-body.cs-32x32x1/input/DYG.bin
U work/verification/solid-body.cs-32x32x1/input/DYU.bin
U work/verification/solid-body.cs-32x32x1/input/LATC.001.bin
U work/verification/solid-body.cs-32x32x1/input/LATC.002.bin
U work/verification/solid-body.cs-32x32x1/input/LATC.003.bin
U work/verification/solid-body.cs-32x32x1/input/LATC.004.bin
U work/verification/solid-body.cs-32x32x1/input/LATC.005.bin
U work/verification/solid-body.cs-32x32x1/input/LATC.006.bin
U work/verification/solid-body.cs-32x32x1/input/LATC.bin
U work/verification/solid-body.cs-32x32x1/input/LATG.001.bin
U work/verification/solid-body.cs-32x32x1/input/LATG.002.bin
U work/verification/solid-body.cs-32x32x1/input/LATG.003.bin
U work/verification/solid-body.cs-32x32x1/input/LATG.004.bin
U work/verification/solid-body.cs-32x32x1/input/LATG.005.bin
U work/verification/solid-body.cs-32x32x1/input/LATG.006.bin
U work/verification/solid-body.cs-32x32x1/input/LATG.bin
U work/verification/solid-body.cs-32x32x1/input/LONC.001.bin
U work/verification/solid-body.cs-32x32x1/input/LONC.002.bin
U work/verification/solid-body.cs-32x32x1/input/LONC.003.bin
U work/verification/solid-body.cs-32x32x1/input/LONC.004.bin
U work/verification/solid-body.cs-32x32x1/input/LONC.005.bin
U work/verification/solid-body.cs-32x32x1/input/LONC.006.bin
U work/verification/solid-body.cs-32x32x1/input/LONC.bin
U work/verification/solid-body.cs-32x32x1/input/LONG.001.bin
U work/verification/solid-body.cs-32x32x1/input/LONG.002.bin
U work/verification/solid-body.cs-32x32x1/input/LONG.003.bin
U work/verification/solid-body.cs-32x32x1/input/LONG.004.bin
U work/verification/solid-body.cs-32x32x1/input/LONG.005.bin
U work/verification/solid-body.cs-32x32x1/input/LONG.006.bin
U work/verification/solid-body.cs-32x32x1/input/LONG.bin
U work/verification/solid-body.cs-32x32x1/input/RA.bin
U work/verification/solid-body.cs-32x32x1/input/RAS.bin
U work/verification/solid-body.cs-32x32x1/input/RAW.bin
U work/verification/solid-body.cs-32x32x1/input/RAZ.bin
U work/verification/solid-body.cs-32x32x1/input/S.init
U work/verification/solid-body.cs-32x32x1/input/TUV.mat
U work/verification/solid-body.cs-32x32x1/input/data
U work/verification/solid-body.cs-32x32x1/input/data.pkg
U work/verification/solid-body.cs-32x32x1/input/eedata
U work/verification/solid-body.cs-32x32x1/input/gendata.m
U work/verification/solid-body.cs-32x32x1/results/output.txt
U work/verification/vero/.cvsignore
U work/verification/vero/README
U work/verification/vero/code/.cvsignore
U work/verification/vero/code/COST_CPPOPTIONS.h
U work/verification/vero/code/CPP_EEOPTIONS.h
U work/verification/vero/code/CPP_OPTIONS.h
U work/verification/vero/code/CTRL_CPPOPTIONS.h
U work/verification/vero/code/ECCO_CPPOPTIONS.h
U work/verification/vero/code/FFIELDS.h
U work/verification/vero/code/KPP_OPTIONS.h
U work/verification/vero/code/SIZE.h
U work/verification/vero/code/addynvars.h
U work/verification/vero/code/adffields.h
U work/verification/vero/code/tamc.h
U work/verification/vero/input/.cvsignore
U work/verification/vero/input/POLY3.COEFFS
U work/verification/vero/input/SSSZon.be
U work/verification/vero/input/SSTZon.be
U work/verification/vero/input/data
U work/verification/vero/input/data.autodiff
U work/verification/vero/input/data.cost
U work/verification/vero/input/data.ctrl
U work/verification/vero/input/data.ecco
U work/verification/vero/input/data.err
U work/verification/vero/input/data.gmredi
U work/verification/vero/input/data.pkg
U work/verification/vero/input/eedata
U work/verification/vero/input/empZon.be
U work/verification/vero/input/pickup.0002880000
U work/verification/vero/input/pickup_cd.0002880000
U work/verification/vero/input/qnetZon.be
U work/verification/vero/input/saltZonCli.be
U work/verification/vero/input/thetaZonCli.be
U work/verification/vero/input/topog.be
U work/verification/vero/input/windx.be
