This is TeX, Version 3.14159 (Web2C 7.3.1) (format=latex 2000.3.7)  20 MAY 2001 21:30
**./images.tex
(./images.tex
LaTeX2e <1998/12/01> patch level 1
Babel <v3.6x> and hyphenation patterns for american, french, german, ngerman, i
talian, nohyphenation, loaded.

(/usr/share/texmf/tex/latex/base/article.cls
Document Class: article 1999/01/07 v1.4a Standard LaTeX document class
(/usr/share/texmf/tex/latex/base/size12.clo
File: size12.clo 1999/01/07 v1.4a Standard LaTeX file (size option)
)
\c@part=\count79
\c@section=\count80
\c@subsection=\count81
\c@subsubsection=\count82
\c@paragraph=\count83
\c@subparagraph=\count84
\c@figure=\count85
\c@table=\count86
\abovecaptionskip=\skip41
\belowcaptionskip=\skip42
\bibindent=\dimen102
) (/usr/share/texmf/tex/latex/base/ifthen.sty
Package: ifthen 1999/01/07 v1.1a Standard LaTeX ifthen package (DPC)
) (/usr/share/texmf/tex/latex/html/html.sty
Package: html 1999/07/19 v1.38 hypertext commands for latex2html (nd, hws, rrm)

\c@lpart=\count87
\c@lchapter=\count88
\c@chapter=\count89
\c@lsection=\count90
\c@lsubsection=\count91
\c@lsubsubsection=\count92
\c@lparagraph=\count93
\c@lsubparagraph=\count94
\c@lsubsubparagraph=\count95
\ptrfile=\write3
) (/usr/share/texmf/tex/latex/graphics/color.sty
Package: color 1999/02/16 v1.0i Standard LaTeX Color (DPC)
(/usr/share/texmf/tex/latex/config/color.cfg)
Package color Info: Driver file: dvips.def on input line 125.
(/usr/share/texmf/tex/latex/graphics/dvips.def
File: dvips.def 1999/02/16 v3.0i Driver-dependant file (DPC,SPQR)
) (/usr/share/texmf/tex/latex/graphics/dvipsnam.def
File: dvipsnam.def 1999/02/16 v3.0i Driver-dependant file (DPC,SPQR)
)) (/usr/share/texmf/tex/latex/base/inputenc.sty beta test version
Package: inputenc 1998/03/05 v0.97 Input encoding file (test version: still lia
ble to change)
)
\sizebox=\box26
\lthtmlwrite=\write4
(images.aux (/homes/cnh/sealion-www/level01/technical_notes/gmredi/mixedlayer-c
ox.eps.aux) (/homes/cnh/sealion-www/level01/technical_notes/gmredi/mixedlayer-d
iff.eps.aux) (/homes/cnh/sealion-www/level01/technical_notes/gmredi/slopelimits
.eps.aux))
\openout1 = `images.aux'.

LaTeX Font Info:    Checking defaults for OML/cmm/m/it on input line 118.
LaTeX Font Info:    ... okay on input line 118.
LaTeX Font Info:    Checking defaults for T1/cmr/m/n on input line 118.
LaTeX Font Info:    ... okay on input line 118.
LaTeX Font Info:    Checking defaults for OT1/cmr/m/n on input line 118.
LaTeX Font Info:    ... okay on input line 118.
LaTeX Font Info:    Checking defaults for OMS/cmsy/m/n on input line 118.
LaTeX Font Info:    ... okay on input line 118.
LaTeX Font Info:    Checking defaults for OMX/cmex/m/n on input line 118.
LaTeX Font Info:    ... okay on input line 118.
LaTeX Font Info:    Checking defaults for U/cmr/m/n on input line 118.
LaTeX Font Info:    ... okay on input line 118.
(/homes/cnh/sealion-www/level01/technical_notes/gmredi/gmredi.aux (/homes/cnh/s
ealion-www/level01/technical_notes/gmredi/mixedlayer-cox.eps.aux) (/homes/cnh/s
ealion-www/level01/technical_notes/gmredi/mixedlayer-diff.eps.aux) (/homes/cnh/
sealion-www/level01/technical_notes/gmredi/slopelimits.eps.aux))

latex2htmlLength hsize=349.0pt

latex2htmlLength vsize=632.5pt

latex2htmlLength hoffset=0.0pt

latex2htmlLength voffset=0.0pt

latex2htmlLength topmargin=0.0pt

latex2htmlLength topskip=0.00003pt

latex2htmlLength headheight=0.0pt

latex2htmlLength headsep=0.0pt

latex2htmlLength parskip=0.0pt plus 1.0pt

latex2htmlLength oddsidemargin=39.0pt

latex2htmlLength evensidemargin=39.0pt

LaTeX Font Info:    External font `cmex10' loaded for size
(Font)              <12> on input line 142.
LaTeX Font Info:    External font `cmex10' loaded for size
(Font)              <8> on input line 142.
LaTeX Font Info:    External font `cmex10' loaded for size
(Font)              <6> on input line 142.
l2hSize :tex2html_wrap_inline912:8.25pt::8.25pt::23.49014pt.
[1



]
l2hSize :tex2html_wrap_inline358:7.75pt::0.0pt::7.03053pt.
[2


]
l2hSize :displaymath16:17.85555pt::0.0pt::349.0pt.
[3


]
l2hSize :tex2html_wrap_inline360:8.25pt::8.25pt::12.20418pt.
[4


]
l2hSize :tex2html_wrap_inline362:8.73334pt::8.73334pt::31.63489pt.
[5


]
l2hSize :displaymath24:44.49995pt::0.0pt::349.0pt.
[6


]
l2hSize :tex2html_wrap_inline366:9.5pt::9.5pt::80.8121pt.
[7


]
l2hSize :tex2html_wrap_inline368:9.5pt::9.5pt::80.21951pt.
[8


]
l2hSize :tex2html_wrap_inline370:9.51027pt::0.0pt::23.69867pt.
[9


]
l2hSize :tex2html_wrap_inline372:9.51027pt::0.0pt::23.69867pt.
[10


]
l2hSize :tex2html_wrap_inline374:9.5pt::9.5pt::45.99823pt.
[11


]
l2hSize :displaymath33:44.49995pt::0.0pt::349.0pt.
[12


]
l2hSize :tex2html_wrap_inline376:8.07693pt::0.0pt::12.83759pt.
[13


]
l2hSize :displaymath42:15.5pt::0.0pt::349.0pt.
[14


]
l2hSize :tex2html_wrap_indisplay933:9.17693pt::9.17693pt::12.02501pt.
[15


]
l2hSize :tex2html_wrap_indisplay934:8.25pt::8.25pt::9.72632pt.
[16


]
l2hSize :tex2html_wrap_indisplay935:8.83331pt::8.83331pt::33.80627pt.
[17


]
l2hSize :tex2html_wrap_indisplay936:9.17693pt::9.17693pt::11.44862pt.
[18


]
l2hSize :tex2html_wrap_indisplay938:8.83331pt::8.83331pt::33.50998pt.
[19


]
l2hSize :tex2html_wrap_indisplay939:9.17693pt::9.17693pt::14.05971pt.
[20


]
l2hSize :tex2html_wrap_indisplay941:8.83331pt::8.83331pt::63.22388pt.
[21


]
l2hSize :tex2html_wrap_inline378:8.7pt::8.7pt::13.4785pt.
[22


]
l2hSize :tex2html_wrap_inline380:8.7pt::8.7pt::13.1822pt.
[23


]
l2hSize :tex2html_wrap_inline382:8.7pt::8.7pt::63.55884pt.
[24


]
l2hSize :tex2html_wrap_inline384:8.83331pt::8.83331pt::206.19519pt.
[25


]
l2hSize :tex2html_wrap_inline390:8.7pt::8.7pt::13.09863pt.
[26


]
l2hSize :tex2html_wrap_inline392:8.7pt::8.7pt::12.80234pt.
[27


]
l2hSize :tex2html_wrap_indisplay951:8.7pt::8.7pt::13.4785pt.
[28


]
l2hSize :tex2html_wrap_indisplay953:8.7pt::8.7pt::36.00125pt.
[29


]
l2hSize :tex2html_wrap_indisplay954:8.7pt::8.7pt::13.1822pt.
[30


]
l2hSize :tex2html_wrap_indisplay956:8.7pt::8.7pt::35.70496pt.
[31


]
Overfull \hbox (46.38402pt too wide) in alignment at lines 354--374
 [][][] []
 []

l2hSize :eqnarraystar55:91.99991pt::0.0pt::349.0pt.
[32


]
l2hSize :displaymath79:16.29999pt::0.0pt::349.0pt.
[33


]
l2hSize :displaymath86:44.49995pt::0.0pt::349.0pt.
[34


]
l2hSize :displaymath93:17.85555pt::0.0pt::349.0pt.
[35


]
l2hSize :tex2html_wrap_inline394:8.25pt::8.25pt::50.91216pt.
[36


]
l2hSize :displaymath106:44.49995pt::0.0pt::349.0pt.
[37


]
l2hSize :tex2html_wrap_inline396:7.75pt::0.0pt::6.58052pt.
[38


]
l2hSize :tex2html_wrap_inline402:11.56995pt::11.56995pt::43.25275pt.
[39


]
l2hSize :tex2html_wrap_inline404:7.75pt::0.0pt::8.13745pt.
[40


]
l2hSize :tex2html_wrap_inline406:8.2pt::0.0pt::8.5819pt.
[41


]
l2hSize :displaymath119:31.27565pt::0.0pt::349.0pt.
[42


]
l2hSize :tex2html_wrap_inline408:10.01027pt::10.01027pt::96.88618pt.
[43


]
l2hSize :displaymath124:31.83527pt::0.0pt::349.0pt.
[44


]
l2hSize :tex2html_wrap_inline410:9.51027pt::0.0pt::17.95834pt.
[45


]
l2hSize :tex2html_wrap_inline412:10.01027pt::10.01027pt::68.4672pt.
[46


]
l2hSize :displaymath141:28.24939pt::0.0pt::349.0pt.
[47


]
l2hSize :tex2html_wrap_indisplay980:9.5pt::9.5pt::24.3632pt.
[48


]
l2hSize :tex2html_wrap_indisplay982:12.99591pt::12.99591pt::48.88179pt.
[49


]
l2hSize :tex2html_wrap_indisplay983:8.7pt::8.7pt::21.35838pt.
[50


]
l2hSize :tex2html_wrap_indisplay985:17.61809pt::17.61809pt::199.76546pt.
[51


]
l2hSize :tex2html_wrap_indisplay986:9.17693pt::9.17693pt::12.44655pt.
[52


]
l2hSize :tex2html_wrap_indisplay988:9.5pt::9.5pt::68.531pt.
[53


]
l2hSize :tex2html_wrap_indisplay989:9.5pt::9.5pt::33.72168pt.
[54


]
l2hSize :tex2html_wrap_indisplay991:17.61809pt::17.61809pt::47.74248pt.
[55


]
l2hSize :tex2html_wrap_inline418:8.7pt::8.7pt::48.63387pt.
[56


]
l2hSize :displaymath162:28.14949pt::0.0pt::349.0pt.
[57


]
l2hSize :tex2html_wrap_inline420:8.7pt::8.7pt::48.63387pt.
[58


]
l2hSize :displaymath168:29.3495pt::0.0pt::349.0pt.
[59


]
l2hSize :tex2html_wrap_inline422:12.40007pt::12.40007pt::86.75217pt.
[60


]
l2hSize :tex2html_wrap_inline424:10.01027pt::10.01027pt::83.74036pt.
[61


]
\openout2 = `mixedlayer-cox.eps.aux'.

No file mixedlayer-cox.eps.tex.
\openout2 = `mixedlayer-diff.eps.aux'.

No file mixedlayer-diff.eps.tex.

LaTeX Warning: Reference `fig-mixedlayer' on page 62 undefined on input line 60
2.

l2hSize :figure179:58.0pt::0.0pt::349.0pt.
[62






]
\openout2 = `slopelimits.eps.aux'.

No file slopelimits.eps.tex.
l2hSize :figure185:14.5pt::0.0pt::0.0pt.
[63




]
l2hSize :figure189:0.0pt::0.0pt::0.0pt.
[64


]
l2hSize :tex2html_wrap_inline428:8.2pt::0.0pt::9.10619pt.
[65


]
l2hSize :tex2html_wrap_inline430:8.2pt::0.0pt::8.51245pt.
[66


]
l2hSize :tex2html_wrap_inline434:9.5pt::9.5pt::22.57967pt.
[67


]
l2hSize :tex2html_wrap_inline436:8.7pt::8.7pt::18.97357pt.
[68


]
l2hSize :tex2html_wrap_inline438:8.7pt::8.7pt::18.67728pt.
[69


]
l2hSize :tex2html_wrap_inline440:10.01027pt::10.01027pt::19.9292pt.
[70


]
l2hSize :tex2html_wrap_inline442:8.2pt::0.0pt::13.3124pt.
[71


]
l2hSize :tex2html_wrap_inline444:8.25pt::8.25pt::11.96736pt.
[72


]
l2hSize :tex2html_wrap_inline450:10.38034pt::10.38034pt::79.5973pt.
[73


]
l2hSize :tex2html_wrap_inline452:10.38034pt::10.38034pt::78.70842pt.
[74


]
l2hSize :tex2html_wrap_inline454:10.38034pt::10.38034pt::211.49438pt.
[75


]
l2hSize :tex2html_wrap_inline456:8.25pt::8.25pt::12.05765pt.
[76


]
l2hSize :tex2html_wrap_inline460:8.25pt::8.25pt::12.5507pt.
[77


]
l2hSize :tex2html_wrap_inline462:8.25pt::8.25pt::12.25441pt.
[78


]
l2hSize :eqnarraystar233:35.35555pt::0.0pt::349.0pt.
[79


]
l2hSize :tex2html_wrap_inline466:8.69998pt::8.69998pt::22.48824pt.
[80


]
l2hSize :displaymath240:19.1265pt::0.0pt::349.0pt.
[81


]
l2hSize :displaymath246:17.5pt::0.0pt::349.0pt.
[82


]
l2hSize :eqnarraystar250:52.5pt::0.0pt::349.0pt.
[83


]
l2hSize :eqnarraystar262:51.29999pt::0.0pt::349.0pt.
[84


]
l2hSize :eqnarraystar270:46.97598pt::0.0pt::349.0pt.
[85


]
l2hSize :tex2html_wrap_inline474:9.5pt::9.5pt::61.55945pt.
[86


]
l2hSize :tex2html_wrap_inline476:13.35004pt::13.35004pt::93.45094pt.
[87


]
l2hSize :displaymath282:27.01614pt::0.0pt::349.0pt.
[88


]
l2hSize :displaymath291:17.5pt::0.0pt::349.0pt.
[89


]
l2hSize :eqnarraystar303:35.35555pt::0.0pt::349.0pt.
[90


]
l2hSize :displaymath310:20.50009pt::0.0pt::349.0pt.
[91


]
l2hSize :tex2html_wrap_inline482:8.19998pt::0.0pt::17.69652pt.
[92


]
l2hSize :tex2html_wrap_inline484:9.5pt::9.5pt::116.55151pt.
[93


]
l2hSize :displaymath327:28.01613pt::0.0pt::349.0pt.
[94


]
l2hSize :tex2html_wrap_inline486:11.21109pt::11.21109pt::46.5735pt.
[95


]
l2hSize :tex2html_wrap_inline488:11.21109pt::11.21109pt::47.58601pt.
[96


]
l2hSize :tex2html_wrap_inline490:8.33331pt::0.0pt::6.38954pt.
[97


] (images.aux (mixedlayer-cox.eps.aux) (mixedlayer-diff.eps.aux) (slopelimits.e
ps.aux))

LaTeX Warning: There were undefined references.

 ) 
Here is how much of TeX's memory you used:
 881 strings out of 10898
 11028 string characters out of 96882
 56151 words of memory out of 263001
 3845 multiletter control sequences out of 10000+0
 7809 words of font info for 29 fonts, out of 400000 for 1000
 14 hyphenation exceptions out of 1000
 22i,13n,19p,269b,225s stack positions out of 300i,100n,500p,50000b,4000s

Output written on images.dvi (97 pages, 27832 bytes).
